SF: Got idcodes
00000000: ef 40 18 00    .@..
SF: Detected W25Q128 with page size 64 KiB, total 16 MiB
flash is 3byte mode
In:    serial
Out:   serial
Err:   serial

-------------------------------
ID: 8136150
AC: 200  HC: 200  P1: 860  P2: 600  P3: 540
C6: 860  DR:1146
J: 286   H1: 286
-------------------------------
Net:   GMAC set RMII mode
reset PHY
eth0
Warning: eth0 MAC addresses don't match:
Address in SROM is         88:81:fa:07:88:81
Address in environment is  00:42:70:00:30:23

Hit any key to stop autoboot:  0 
GM # 
GM # 
GM # 
GM # 
GM # 
GM # 
GM # 
GM # print
auimg0=u-boot_spi.bin
auimg1=uImage_8136
auimg2=rootfs-cpio_8136.squashfs.img
auimg3=mtd.img
auimgaio=flash.img
autoupdate=no
baudrate=115200
bootargs=console=ttyS0,115200 root=/dev/mtdblock2 rootfstype=squashfs init=/squashfs_init mem=128M gmmem=90M user_debug=31
bootcmd=sf probe 0:0;run lm;bootm 0x2000000
bootdelay=7
bootfile=mbootpImage
cmd1=mem=64M gmmem=30M console=ttyS0,115200 user_debug=31 init=/squashfs_init root=/dev/mtdblock2 rootfstype=squashfs
cmd2=mem=128M gmmem=90M console=ttyS0,115200 user_debug=31 init=/squashfs_init root=/dev/mtdblock2 rootfstype=squashfs
cmd3=mem=256M gmmem=190M console=ttyS0,115200 user_debug=31 init=/squashfs_init root=/dev/mtdblock2 rootfstype=squashfs
cmd4=mem=512M gmmem=432M console=ttyS0,115200 user_debug=31 init=/squashfs_init root=/dev/mtdblock2 rootfstype=squashfs
ethact=eth0
ethaddr=00:42:70:00:30:23
gatewayip=192.168.1.1
ipaddr=192.168.1.209
lm=sf read 0x02000000 z
loadaddr=0x02000000
netdev=eth0
netmask=255.255.255.0
nfsserver=192.168.1.216
rootpath=/opt/gm8136/target/rootfs-cpio
serverip=192.168.1.216
stderr=serial
stdin=serial
stdout=serial
tftpboot=root=/dev/nfs nfsroot=${nfsserver}:${rootpath} ip=${ipaddr}:${serverip}:${gatewayip}:${netmask}:${hostname}:${netdev} mac=${ethaddr} console=ttyS0,${baudrate} init=/linuxrc mem=${mem} gmmem=90M ;tftp ${loadaddr} ${bootfile};go ${loadaddr}

Environment size: 1415/65532 bytes
GM # run tftpboot
Unknown command 'root=/dev/nfs' - try 'help'
RMII mode
Phy ID = 0xc54
FULL
PHY_SPEED_100M
Using eth0 device
TFTP from server 192.168.1.216; our IP address is 192.168.1.209
Filename 'mbootpImage'.
Load address: 0x2000000
Loading: #################################################################
         #################################################################
         #################################################################
         #################################################################
         #################################################################
         #############
         1.6 MiB/s
done
Bytes transferred = 4953344 (4b9500 hex)
## Starting application at 0x02000000 ...
Uncompressing Linux... done, booting the kernel.
Booting Linux on physical CPU 0
Linux version 3.3.0 (yelsin@ubuntu16) (gcc version 4.4.0 20100318 (experimental) (Buildroot 2012.02) ) #251 PREEMPT Wed Apr 12 18:01:09 CST 2017
CPU: FA6 [66056263] revision 3 (ARMv5TE), cr=0000397f
CPU VIPT aliasing data cache, unknown instruction cache
Machine: Grain-Media GM8136 series
Memory policy: ECC disabled, Data cache writeback
Built 1 zonelists in Zone order, mobility grouping on.  Total pages: 32512
Kernel command line: console=ttyS0,115200 mem=128M gmmem=90M user_debug=31 root=/dev/nfs nfsroot=192.168.1.216:/opt/gm8136/target/rootfs-cpio rw init=/linuxrc ip=192.168.1.209::192.168.1.1:255.255.255.0:eth0:off
PID hash table entries: 512 (order: -1, 2048 bytes)
Dentry cache hash table entries: 16384 (order: 4, 65536 bytes)
Inode-cache hash table entries: 8192 (order: 3, 32768 bytes)
Memory: 128MB = 128MB total
Memory: 119308k/119308k available, 11764k reserved, 0K highmem
Virtual kernel memory layout:
    vector  : 0xffff0000 - 0xffff1000   (   4 kB)
    fixmap  : 0xfff00000 - 0xfffe0000   ( 896 kB)
    vmalloc : 0x88800000 - 0xff000000   (1896 MB)
    lowmem  : 0x80000000 - 0x88000000   ( 128 MB)
    modules : 0x7f000000 - 0x80000000   (  16 MB)
      .text : 0x80008000 - 0x803dfb58   (3935 kB)
      .init : 0x803e0000 - 0x80a23000   (6412 kB)
      .data : 0x80a24000 - 0x80a3f660   ( 110 kB)
       .bss : 0x80a3f684 - 0x80a584d4   ( 100 kB)
NR_IRQS:64
gm_jiffies_init, system HZ: 100, pClk: 100000000 
console [ttyS0] enabled
Calibrating delay loop... 858.52 BogoMIPS (lpj=4292608)
pid_max: default: 32768 minimum: 301
Mount-cache hash table entries: 512
CPU: Testing write buffer coherency: ok
Setting up static identity map for 0x2e6910 - 0x2e6958
devtmpfs: initialized
FMEM: 23040 pages(0x5a00000 bytes) from bank0 are reserved for Frammap. 
FMEM: Logical memory ends up at 0x88000000, init_mm:0x80004000(0x4000), PAGE_OFFSET:0x80000000(0x0), 
FMEM: FA726 Test and Debug Register: 0x0 
NET: Registered protocol family 16
PMU: Mapped at 0xfe000000 
IC: GM8136, version: 0x1 
iotable: VA: 0xfe000000, PA: 0x90c00000, Length: 4096 
iotable: VA: 0xfe001000, PA: 0x90700000, Length: 4096 
iotable: VA: 0xfe002000, PA: 0x90800000, Length: 4096 
iotable: VA: 0xfe003000, PA: 0x90900000, Length: 4096 
iotable: VA: 0xfe004000, PA: 0x90d00000, Length: 4096 
iotable: VA: 0xfe005000, PA: 0x96000000, Length: 4096 
bio: create slab <bio-0> at 0
SCSI subsystem initialized
Switching to clocksource fttmr010:1
NET: Registered protocol family 2
IP route cache hash table entries: 1024 (order: 0, 4096 bytes)
TCP established hash table entries: 4096 (order: 3, 32768 bytes)
TCP bind hash table entries: 4096 (order: 2, 16384 bytes)
TCP: Hash tables configured (established 4096 bind 4096)
TCP reno registered
UDP hash table entries: 256 (order: 0, 4096 bytes)
UDP-Lite hash table entries: 256 (order: 0, 4096 bytes)
NET: Registered protocol family 1
RPC: Registered named UNIX socket transport module.
RPC: Registered udp transport module.
RPC: Registered tcp transport module.
RPC: Registered tcp NFSv4.1 backchannel transport module.
Video Timer(timer3) Max 42000ms in 0xfa56ea00 HZ.
ftdmac020 ftdmac020.0: DMA engine driver: irq 1, mapped at 0x88804000
GM CPU frequency driver
CPUFREQ support for gm initialized
squashfs: version 4.0 (2009/01/31) Phillip Lougher
JFFS2 version 2.2. (NAND) æ¼ 2001-2006 Red Hat, Inc.
msgmni has been set to 233
io scheduler noop registered
io scheduler deadline registered
io scheduler cfq registered (default)
gpiochip_add: registered GPIOs 0 to 31 on device: ftgpio010.0
probe ftgpio010.0 OK, at 0x88862000
gpiochip_add: registered GPIOs 32 to 63 on device: ftgpio010.1
probe ftgpio010.1 OK, at 0x88864000
Serial: 8250/16550 driver, 3 ports, IRQ sharing disabled
serial8250: ttyS0 at I/O 0xfe001000 (irq = 21) is a 16550A
serial8250: ttyS1 at I/O 0xfe002000 (irq = 22) is a 16550A
serial8250: ttyS2 at I/O 0xfe003000 (irq = 25) is a 16550A
brd: module loaded
loop: module loaded
Not for SPI-NAND pin mux
ftssp010_spi probe...
bus num = 1, chip select = 4
Setup device fb_st7789v, chip select 0, mode = 0xb, speed = 6000000
Probe FTSSP010 SPI Controller at 0x91400000 (irq 11)
SPI020 init
SPI020 uses AHB DMA mode
FTSPI020 enable DMA handshake 0x3
SPI020 gets DMA channel 0
ftspi020 ftspi020.0: Faraday FTSPI020 Controller at 0x92300000(0x88868000) irq 54.
spi spi0.0: setup: bpw 8 mode 0
CLK div field set 1
ERASE SECTOR 64K
SPI_FLASH spi0.0: w25q128bv (16384 Kbytes)
Creating 7 MTD partitions on "nor-flash":
0x000000010000-0x000000060000 : "UBOOT"
0x000000060000-0x000000400000 : "LINUX"
0x000000400000-0x000000800000 : "FS"
0x000000800000-0x000000900000 : "MTD"
0x000000900000-0x000000c80000 : "APP0"
0x000000c80000-0x000001000000 : "APP1"
0x000000000000-0x000001000000 : "ALL"
Probe FTSPI020 SPI Controller at 0x92300000 (irq 54)
ftgmac: Loading version 2.0 ...
ftgmac100-0-mdio: probed
ftgmac100-0 ftgmac100-0.0: eth0: 1 tx queue used (max: 2)
ftgmac100-0 ftgmac100-0.0: eth0: 1 rx queue used (max: 1)
ftgmac100-0 ftgmac100-0.0: eth0: irq 3, mapped at 8886a000
ftgmac100-0 ftgmac100-0.0: eth0: generated random MAC address c6:f6:93:b6:7a:b8
PPP generic driver version 2.4.2
NET: Registered protocol family 24
i2c /dev entries driver
ftiic010 ftiic010.0: irq 18, mapped at 8886c000
TCP cubic registered
NET: Registered protocol family 17
Registering the dns_resolver key type
Warning: unable to open an initial console.
Freeing init memory: 6412K
Frammap: DDR0: memory base=0x1800000, memory size=0x5a00000, align_size = 4K. 
Frammap: version 1.1.2, and the system has 1 DDR.
Frammap: fail to open /mnt/mtd/config_8136, /tmp/template_8136 is created.


BusyBox v1.19.4 (2013-09-04 16:29:58 CST) built-in shell (ash)
Enter 'help' for a list of built-in commands.

/ # ls
00_2014-11-14    fb_st7789v.ko    linuxrc          sys
bin              fbtft_device.ko  mnt              tftfb0test
boot.sh          gm               proc             tmp
dev              init             sbin             usr
dsw              lcd_test         share            var
etc              lib              squashfs_init
/ # 
/ # 
/ # ifconfig eth0 192.168.1.215
HW reset
/ # phy speed is 10, half duplex
HW reset
phy speed is 100, full duplex
HW reset
mount -o nolock 192.168.1.216:/opt/gm8136/target/rootfs-cpio    /mnt/nfs
/ # ifconfig
eth0      Link encap:Ethernet  HWaddr C6:F6:93:B6:7A:B8  
          inet addr:192.168.1.215  Bcast:192.168.1.255  Mask:255.255.255.0
          UP BROADCAST RUNNING MULTICAST  MTU:1500  Metric:1
          RX packets:122 errors:0 dropped:0 overruns:0 frame:0
          TX packets:23 errors:0 dropped:0 overruns:0 carrier:0
          collisions:0 txqueuelen:1000 
          RX bytes:10051 (9.8 KiB)  TX bytes:2142 (2.0 KiB)

/ # insmod /mnt/nfs/fbtft_device.ko rotate=0 width=240 height=320 busnum=1 name=
admatec_c-berry28 cs=0 gpios=reset:1,led:2 custom=1 speed=6000000 buswidth=9 mod
e=0
spi spi1.0: fb_st7789v spi1.0 6000kHz 8 bits mode=0x0B
SPI_FLASH spi0.0: SPI_FLASH spi0.0 50000kHz 8 bits mode=0x00
spi spi1.0: Deleting spi1.0
Setup device fb_st7789v, chip select 0, mode = 0x8, speed = 6000000
fbtft_device: GPIOS used by 'admatec_c-berry28':
fbtft_device: 'reset' = GPIO1
fbtft_device: 'led' = GPIO2
SPI_FLASH spi0.0: SPI_FLASH spi0.0 50000kHz 8 bits mode=0x00
spi spi1.0: fb_st7789v spi1.0 6000kHz 8 bits mode=0x08
/ # insmod /mnt/nfs/fb_st7789v.ko
sssssssssssssss = 8, 9
ssssssssssssss-->
+++++++++++++++>>>>>>>>>> = 0, 2
graphics fb0: fb_st7789v frame buffer, 240x320, 150 KiB video memory, 4 KiB DMA buffer memory, fps=33, spi1.0 at 6 MHz
fbtft_register_framebuffer(L990)**********
/ # export
export HOME='/'
export PATH='/sbin:/usr/sbin:/bin:/usr/bin:/gm/tools:/gm/bin'
export PWD='/'
export SHELL='/bin/sh'
export TERM='vt102'
export USER='root'
export gmmem='90M'
/ # /mnt/nfs
/bin/sh: /mnt/nfs: Permission denied
/ # cd /mnt/nfs
/mnt/nfs # ls
00_2014-11-14    etc              lib              squashfs_init
Test0323         fb_st7789v.ko    libORG           sys
bin              fbtft_device.ko  mnt              tftfb0test
boot.sh          gm               proc             tmp
dev              init             sbin             usr
dsw              lcd_test         share            var
/mnt/nfs # source /etc/profile 
[root@GM]# export
export HOME='/'
export OLDPWD='/'
export PATH='/usr/bin:/usr/sbin:/bin:/sbin:/gm/bin:/gm/tools'
export PWD='/mnt/nfs'
export SHELL='/bin/sh'
export TERM='vt102'
export USER='root'
export gmmem='90M'
[root@GM]# source etc/profile 
[root@GM]# export
export HOME='/'
export LD_LIBRARY_PATH='usr/local/Qt-5.5.0-arm/lib:'
export OLDPWD='/'
export PATH='usr/local/Qt-5.5.0-arm/bin:/usr/bin:/usr/sbin:/bin:/sbin:/gm/bin:/gm/tools'
export PWD='/mnt/nfs'
export QTDIR='usr/local/Qt-5.5.0-arm'
export QT_QPA_FONTDIR='usr/local/Qt-5.5.0-arm/lib/fonts'
export QT_QPA_PLAFFORM='linuxfb:fb=/dev/fb0:size=320x240:tty=/dev/ttyS0'
export QT_QPA_PLAFFORM_PLUGIN_PATH='usr/local/Qt-5.5.0-arm/plugins/'
export SHELL='/bin/sh'
export TERM='vt102'
export USER='root'
export gmmem='90M'
[root@GM]# ls
00_2014-11-14    etc              lib              squashfs_init
Test0323         fb_st7789v.ko    libORG           sys
bin              fbtft_device.ko  mnt              tftfb0test
boot.sh          gm               proc             tmp
dev              init             sbin             usr
dsw              lcd_test         share            var
[root@GM]# ./Test0323 
./Test0323: can't load library 'libstdc++.so.6'
[root@GM]# CD LIB
/bin/sh: CD: not found
[root@GM]# cd lib
[root@GM]# ./LCD_st7789v 
./LCD_st7789v: can't load library 'libstdc++.so.6'
[root@GM]# ./LCD_st7789v 
This application failed to start because it could not find or load the Qt platform plugin "xcb".

Reinstalling the application may fix this problem.
Aborted
[root@GM]# pwd
/mnt/nfs/lib
[root@GM]# cd ..
[root@GM]# ls
00_2014-11-14    etc              lib              squashfs_init
Test0323         fb_st7789v.ko    libORG           sys
bin              fbtft_device.ko  mnt              tftfb0test
boot.sh          gm               proc             tmp
dev              init             sbin             usr
dsw              lcd_test         share            var
[root@GM]# ./Test0323 
./Test0323: can't load library 'libstdc++.so.6'
[root@GM]# ./Test0323 
./Test0323: can't load library 'libstdc++.so.6'
[root@GM]# cp -a Test0323 lib/
[root@GM]# ls
00_2014-11-14    etc              lib              squashfs_init
Test0323         fb_st7789v.ko    libORG           sys
bin              fbtft_device.ko  mnt              tftfb0test
boot.sh          gm               proc             tmp
dev              init             sbin             usr
dsw              lcd_test         share            var
[root@GM]# cd lib
[root@GM]# ./Test0323 
This application failed to start because it could not find or load the Qt platform plugin "xcb".

Reinstalling the application may fix this problem.
Aborted
[root@GM]# [root@GM]# ./LCD_st7789v 
/bin/sh: [root@GM]#: not found
[root@GM]# This application failed to start because it could not find or load th
e Qt platform plugin "xcb".
m./bin/sh: This: not found
[root@GM]# 
[root@GM]# Reinstalling the application may fix this problem.
/bin/sh: Reinstalling: not found
[root@GM]# 
[root@GM]# 
[root@GM]# This application failed to start because it could not find or load th
[root@GM]# ./LCD_st7789v 
This application failed to start because it could not find or load the Qt platform plugin "xcb".

Reinstalling the application may fix this problem.
Aborted
[root@GM]# pwd
/mnt/nfs/lib
[root@GM]# export
export HOME='/'
export LD_LIBRARY_PATH='usr/local/Qt-5.5.0-arm/lib:'
export OLDPWD='/mnt/nfs'
export PATH='usr/local/Qt-5.5.0-arm/bin:/usr/bin:/usr/sbin:/bin:/sbin:/gm/bin:/gm/tools'
export PWD='/mnt/nfs/lib'
export QTDIR='usr/local/Qt-5.5.0-arm'
export QT_QPA_FONTDIR='usr/local/Qt-5.5.0-arm/lib/fonts'
export QT_QPA_PLAFFORM='linuxfb:fb=/dev/fb0:size=320x240:tty=/dev/ttyS0'
export QT_QPA_PLAFFORM_PLUGIN_PATH='usr/local/Qt-5.5.0-arm/plugins/'
export SHELL='/bin/sh'
export TERM='vt102'
export USER='root'
export gmmem='90M'
[root@GM]# ls
LCD_st7789v                       libQt5QmlDevTools.a
Test0323                          libQt5QmlDevTools.la
cmake                             libQt5QmlDevTools.prl
fonts                             libQt5Sensors.la
ld-uClibc-0.9.33.2.so             libQt5Sensors.prl
ld-uClibc.so.0                    libQt5Sensors.so
libQt53DCore.la                   libQt5Sensors.so.5
libQt53DCore.prl                  libQt5Sensors.so.5.5
libQt53DCore.so                   libQt5Sensors.so.5.5.0
libQt53DCore.so.5                 libQt5Sql.la
libQt53DCore.so.5.5               libQt5Sql.prl
libQt53DCore.so.5.5.0             libQt5Sql.so
libQt5Bluetooth.la                libQt5Sql.so.5
libQt5Bluetooth.prl               libQt5Sql.so.5.5
libQt5Bluetooth.so                libQt5Sql.so.5.5.0
libQt5Bluetooth.so.5              libQt5Svg.la
libQt5Bluetooth.so.5.5            libQt5Svg.prl
libQt5Bluetooth.so.5.5.0          libQt5Svg.so
libQt5Bootstrap.a                 libQt5Svg.so.5
libQt5Bootstrap.la                libQt5Svg.so.5.5
libQt5Bootstrap.prl               libQt5Svg.so.5.5.0
libQt5CLucene.la                  libQt5Test.la
libQt5CLucene.prl                 libQt5Test.prl
libQt5CLucene.so                  libQt5Test.so
libQt5CLucene.so.5                libQt5Test.so.5
libQt5CLucene.so.5.5              libQt5Test.so.5.5
libQt5CLucene.so.5.5.0            libQt5Test.so.5.5.0
libQt5Concurrent.la               libQt5UiTools.a
libQt5Concurrent.prl              libQt5UiTools.la
libQt5Concurrent.so               libQt5UiTools.prl
libQt5Concurrent.so.5             libQt5WebChannel.la
libQt5Concurrent.so.5.5           libQt5WebChannel.prl
libQt5Concurrent.so.5.5.0         libQt5WebChannel.so
libQt5Core.la                     libQt5WebChannel.so.5
libQt5Core.prl                    libQt5WebChannel.so.5.5
libQt5Core.so                     libQt5WebChannel.so.5.5.0
libQt5Core.so.5                   libQt5WebSockets.la
libQt5Core.so.5.5                 libQt5WebSockets.prl
libQt5Core.so.5.5.0               libQt5WebSockets.so
libQt5DBus.la                     libQt5WebSockets.so.5
libQt5DBus.prl                    libQt5WebSockets.so.5.5
libQt5DBus.so                     libQt5WebSockets.so.5.5.0
libQt5DBus.so.5                   libQt5Widgets.la
libQt5DBus.so.5.5                 libQt5Widgets.prl
libQt5DBus.so.5.5.0               libQt5Widgets.so
libQt5Gui.la                      libQt5Widgets.so.5
libQt5Gui.prl                     libQt5Widgets.so.5.5
libQt5Gui.so                      libQt5Widgets.so.5.5.0
libQt5Gui.so.5                    libQt5Xml.la
libQt5Gui.so.5.5                  libQt5Xml.prl
libQt5Gui.so.5.5.0                libQt5Xml.so
libQt5Help.la                     libQt5Xml.so.5
libQt5Help.prl                    libQt5Xml.so.5.5
libQt5Help.so                     libQt5Xml.so.5.5.0
libQt5Help.so.5                   libQt5XmlPatterns.la
libQt5Help.so.5.5     c            libQt5XmlPatterns.prl
libQt5Help.so.5.5.0               libQt5XmlPatterns.so
libQt5Multimedia.la               libQt5XmlPatterns.so.5
libQt5Multimedia.prl              libQt5XmlPatterns.so.5.5
libQt5Multimedia.so               libQt5XmlPatterns.so.5.5.0
libQt5Multimedia.so.5             libc.so.0
libQt5Multimedia.so.5.5           libcrypt-0.9.33.2.so
libQt5Multimedia.so.5.5.0         libcrypt.so.0
libQt5MultimediaWidgets.la        libdl-0.9.33.2.so
libQt5MultimediaWidgets.prl       libdl.so.0
libQt5MultimediaWidgets.so        libgcc_s.so
libQt5MultimediaWidgets.so.5      libgcc_s.so.1
libQt5MultimediaWidgets.so.5.5    libgm.so
libQt5MultimediaWidgets.so.5.5.0  libiberty.a
libQt5Network.la                  libm-0.9.33.2.so
libQt5Network.prl                 libm.so.0
libQt5Network.so                  libmudflap.a
libQt5Network.so.5                libmudflap.la
libQt5Network.so.5.5              libmudflap.so
libQt5Network.so.5.5.0            libmudflap.so.0
libQt5Nfc.la                      libmudflap.so.0.0.0
libQt5Nfc.prl                     libmudflapth.a
libQt5Nfc.so                      libmudflapth.la
libQt5Nfc.so.5                    libmudflapth.so
libQt5Nfc.so.5.5                  libmudflapth.so.0
libQt5Nfc.so.5.5.0                libmudflapth.so.0.0.0
libQt5PlatformSupport.a           libnsl-0.9.33.2.so
libQt5PlatformSupport.la          libnsl.so.0
libQt5PlatformSupport.prl         libpthread-0.9.33.2.so
libQt5Positioning.la              libpthread.so.0
libQt5Positioning.prl             libresolv-0.9.33.2.so
libQt5Positioning.so              libresolv.so.0
libQt5Positioning.so.5            librt-0.9.33.2.so
libQt5Positioning.so.5.5          librt.so.0
libQt5Positioning.so.5.5.0        libstdc++.a
libQt5PrintSupport.la             libstdc++.la
libQt5PrintSupport.prl            libstdc++.so
libQt5PrintSupport.so             libstdc++.so.6
libQt5PrintSupport.so.5           libstdc++.so.6.0.11
libQt5PrintSupport.so.5.5         libsupc++.a
libQt5PrintSupport.so.5.5.0       libsupc++.la
libQt5Qml.la                      libuClibc-0.9.33.2.so
libQt5Qml.prl                     libutil-0.9.33.2.so
libQt5Qml.so                      libutil.so.0
libQt5Qml.so.5                    modules
libQt5Qml.so.5.5                  pkgconfig
libQt5Qml.so.5.5.0
[root@GM]# cd ..
[root@GM]# ls
00_2014-11-14    etc              lib              squashfs_init
Test0323         fb_st7789v.ko    libORG           sys
bin              fbtft_device.ko  mnt              tftfb0test
boot.sh          gm               proc             tmp
dev              init             sbin             usr
dsw              lcd_test         share            var
[root@GM]# pwd
/mnt/nfs
[root@GM]# source etc/profile
[root@GM]# export
export HOME='/'
export LD_LIBRARY_PATH='usr/local/Qt-5.5.0-arm/lib:usr/local/Qt-5.5.0-arm/lib:'
export OLDPWD='/mnt/nfs/lib'
export PATH='usr/local/Qt-5.5.0-arm/bin:/usr/bin:/usr/sbin:/bin:/sbin:/gm/bin:/gm/tools'
export PWD='/mnt/nfs'
export QTDIR='usr/local/Qt-5.5.0-arm'
export QT_QPA_FONTDIR='usr/local/Qt-5.5.0-arm/lib/fonts'
export QT_QPA_PLAFFORM='linuxfb:fb=/dev/fb0:size=320x240:tty=/dev/ttyS0'
export QT_QPA_PLAFFORM_PLUGIN_PATH='usr/local/Qt-5.5.0-arm/plugins/'
export QT_QPA_PLATFORM='linuxfb:fb=/dev/fb0:size=320x240:tty=/dev/ttyS0'
export QT_QPA_PLATFORM_PLUGIN_PATH='usr/local/Qt-5.5.0-arm/plugins/'
export SHELL='/bin/sh'
export TERM='vt102'
export USER='root'
export gmmem='90M'
[root@GM]# ./lib/LCD_st7789v 
./lib/LCD_st7789v: can't load library 'libstdc++.so.6'
[root@GM]# pwd
/mnt/nfs
[root@GM]# ls
00_2014-11-14    etc              lib              squashfs_init
Test0323         fb_st7789v.ko    libORG           sys
bin              fbtft_device.ko  mnt              tftfb0test
boot.sh          gm               proc             tmp
dev              init             sbin             usr
dsw              lcd_test         share            var
[root@GM]# ./Test0323 
./Test0323: can't load library 'libstdc++.so.6'
[root@GM]# CD LIB
/bin/sh: CD: not found
[root@GM]# cd lib
[root@GM]# ./LCD_st7789v 
This application failed to start because it could not find or load the Qt platform plugin "linuxfb".

Reinstalling the application may fix this problem.
Aborted
[root@GM]# ./Test0323 
This application failed to start because it could not find or load the Qt platform plugin "linuxfb".

Reinstalling the application may fix this problem.
Aborted
[root@GM]# LS
/bin/sh: LS: not found
[root@GM]# ls
LCD_st7789v                       libQt5QmlDevTools.a
Test0323                          libQt5QmlDevTools.la
cmake                             libQt5QmlDevTools.prl
fonts                             libQt5Sensors.la
ld-uClibc-0.9.33.2.so             libQt5Sensors.prl
ld-uClibc.so.0                    libQt5Sensors.so
libQt53DCore.la                   libQt5Sensors.so.5
libQt53DCore.prl                  libQt5Sensors.so.5.5
libQt53DCore.so                   libQt5Sensors.so.5.5.0
libQt53DCore.so.5                 libQt5Sql.la
libQt53DCore.so.5.5               libQt5Sql.prl
libQt53DCore.so.5.5.0             libQt5Sql.so
libQt5Bluetooth.la                libQt5Sql.so.5
libQt5Bluetooth.prl               libQt5Sql.so.5.5
libQt5Bluetooth.so                libQt5Sql.so.5.5.0
libQt5Bluetooth.so.5              libQt5Svg.la
libQt5Bluetooth.so.5.5            libQt5Svg.prl
libQt5Bluetooth.so.5.5.0          libQt5Svg.so
libQt5Bootstrap.a                 libQt5Svg.so.5
libQt5Bootstrap.la                libQt5Svg.so.5.5
libQt5Bootstrap.prl               libQt5Svg.so.5.5.0
libQt5CLucene.la                  libQt5Test.la
libQt5CLucene.prl                 libQt5Test.prl
libQt5CLucene.so                  libQt5Test.so
libQt5CLucene.so.5                libQt5Test.so.5
libQt5CLucene.so.5.5              libQt5Test.so.5.5
libQt5CLucene.so.5.5.0            libQt5Test.so.5.5.0
libQt5Concurrent.la               libQt5UiTools.a
libQt5Concurrent.prl              libQt5UiTools.la
libQt5Concurrent.so               libQt5UiTools.prl
libQt5Concurrent.so.5             libQt5WebChannel.la
libQt5Concurrent.so.5.5           libQt5WebChannel.prl
libQt5Concurrent.so.5.5.0         libQt5WebChannel.so
libQt5Core.la                     libQt5WebChannel.so.5
libQt5Core.prl                    libQt5WebChannel.so.5.5
libQt5Core.so                     libQt5WebChannel.so.5.5.0
libQt5Core.so.5                   libQt5WebSockets.la
libQt5Core.so.5.5                 libQt5WebSockets.prl
libQt5Core.so.5.5.0               libQt5WebSockets.so
libQt5DBus.la                     libQt5WebSockets.so.5
libQt5DBus.prl                    libQt5WebSockets.so.5.5
libQt5DBus.so                     libQt5WebSockets.so.5.5.0
libQt5DBus.so.5                   libQt5Widgets.la
libQt5DBus.so.5.5                 libQt5Widgets.prl
libQt5DBus.so.5.5.0               libQt5Widgets.so
libQt5Gui.la                      libQt5Widgets.so.5
libQt5Gui.prl                     libQt5Widgets.so.5.5
libQt5Gui.so                      libQt5Widgets.so.5.5.0
libQt5Gui.so.5                    libQt5Xml.la
libQt5Gui.so.5.5                  libQt5Xml.prl
libQt5Gui.so.5.5.0                libQt5Xml.so
libQt5Help.la                     libQt5Xml.so.5
libQt5Help.prl                    libQt5Xml.so.5.5
libQt5Help.so                     libQt5Xml.so.5.5.0
libQt5Help.so.5                   libQt5XmlPatterns.la
libQt5Help.so.5.5                 libQt5XmlPatterns.prl
libQt5Help.so.5.5.0               libQt5XmlPatterns.so
libQt5Multimedia.la               libQt5XmlPatterns.so.5
libQt5Multimedia.prl              libQt5XmlPatterns.so.5.5
libQt5Multimedia.so               libQt5XmlPatterns.so.5.5.0
libQt5Multimedia.so.5             libc.so.0
libQt5Multimedia.so.5.5           libcrypt-0.9.33.2.so
libQt5Multimedia.so.5.5.0         libcrypt.so.0
libQt5MultimediaWidgets.la        libdl-0.9.33.2.so
libQt5MultimediaWidgets.prl       libdl.so.0
libQt5MultimediaWidgets.so        libgcc_s.so
libQt5MultimediaWidgets.so.5      libgcc_s.so.1
libQt5MultimediaWidgets.so.5.5    libgm.so
libQt5MultimediaWidgets.so.5.5.0  libiberty.a
libQt5Network.la                  libm-0.9.33.2.so
libQt5Network.prl                 libm.so.0
libQt5Network.so                  libmudflap.a
libQt5Network.so.5                libmudflap.la
libQt5Network.so.5.5              libmudflap.so
libQt5Network.so.5.5.0            libmudflap.so.0
libQt5Nfc.la                      libmudflap.so.0.0.0
libQt5Nfc.prl                     libmudflapth.a
libQt5Nfc.so                      libmudflapth.la
libQt5Nfc.so.5                    libmudflapth.so
libQt5Nfc.so.5.5                  libmudflapth.so.0
libQt5Nfc.so.5.5.0                libmudflapth.so.0.0.0
libQt5PlatformSupport.a           libnsl-0.9.33.2.so
libQt5PlatformSupport.la          libnsl.so.0
libQt5PlatformSupport.prl         libpthread-0.9.33.2.so
libQt5Positioning.la              libpthread.so.0
libQt5Positioning.prl             libresolv-0.9.33.2.so
libQt5Positioning.so              libresolv.so.0
libQt5Positioning.so.5            librt-0.9.33.2.so
libQt5Positioning.so.5.5          librt.so.0
libQt5Positioning.so.5.5.0        libstdc++.a
libQt5PrintSupport.la             libstdc++.la
libQt5PrintSupport.prl            libstdc++.so
libQt5PrintSupport.so             libstdc++.so.6
libQt5PrintSupport.so.5           libstdc++.so.6.0.11
libQt5PrintSupport.so.5.5         libsupc++.a
libQt5PrintSupport.so.5.5.0       libsupc++.la
libQt5Qml.la                      libuClibc-0.9.33.2.so
libQt5Qml.prl                     libutil-0.9.33.2.so
libQt5Qml.so                      libutil.so.0
libQt5Qml.so.5                    modules
libQt5Qml.so.5.5                  pkgconfig
libQt5Qml.so.5.5.0
[root@GM]# ls
LCD_st7789v                       libQt5QmlDevTools.a
Test0323                          libQt5QmlDevTools.la
cmake                             libQt5QmlDevTools.prl
fonts                             libQt5Sensors.la
ld-uClibc-0.9.33.2.so             libQt5Sensors.prl
ld-uClibc.so.0                    libQt5Sensors.so
libQt53DCore.la                   libQt5Sensors.so.5
libQt53DCore.prl                  libQt5Sensors.so.5.5
libQt53DCore.so                   libQt5Sensors.so.5.5.0
libQt53DCore.so.5                 libQt5Sql.la
libQt53DCore.so.5.5               libQt5Sql.prl
libQt53DCore.so.5.5.0             libQt5Sql.so
libQt5Bluetooth.la                libQt5Sql.so.5
libQt5Bluetooth.prl               libQt5Sql.so.5.5
libQt5Bluetooth.so                libQt5Sql.so.5.5.0
libQt5Bluetooth.so.5              libQt5Svg.la
libQt5Bluetooth.so.5.5            libQt5Svg.prl
libQt5Bluetooth.so.5.5.0          libQt5Svg.so
libQt5Bootstrap.a                 libQt5Svg.so.5
libQt5Bootstrap.la                libQt5Svg.so.5.5
libQt5Bootstrap.prl               libQt5Svg.so.5.5.0
libQt5CLucene.la                  libQt5Test.la
libQt5CLucene.prl                 libQt5Test.prl
libQt5CLucene.so                  libQt5Test.so
libQt5CLucene.so.5                libQt5Test.so.5
libQt5CLucene.so.5.5              libQt5Test.so.5.5
libQt5CLucene.so.5.5.0            libQt5Test.so.5.5.0
libQt5Concurrent.la               libQt5UiTools.a
libQt5Concurrent.prl              libQt5UiTools.la
libQt5Concurrent.so               libQt5UiTools.prl
libQt5Concurrent.so.5             libQt5WebChannel.la
libQt5Concurrent.so.5.5           libQt5WebChannel.prl
libQt5Concurrent.so.5.5.0         libQt5WebChannel.so
libQt5Core.la                     libQt5WebChannel.so.5
libQt5Core.prl                    libQt5WebChannel.so.5.5
libQt5Core.so                     libQt5WebChannel.so.5.5.0
libQt5Core.so.5                   libQt5WebSockets.la
libQt5Core.so.5.5                 libQt5WebSockets.prl
libQt5Core.so.5.5.0               libQt5WebSockets.so
libQt5DBus.la                     libQt5WebSockets.so.5
libQt5DBus.prl                    libQt5WebSockets.so.5.5
libQt5DBus.so                     libQt5WebSockets.so.5.5.0
libQt5DBus.so.5                   libQt5Widgets.la
libQt5DBus.so.5.5                 libQt5Widgets.prl
libQt5DBus.so.5.5.0               libQt5Widgets.so
libQt5Gui.la                      libQt5Widgets.so.5
libQt5Gui.prl                     libQt5Widgets.so.5.5
libQt5Gui.so                      libQt5Widgets.so.5.5.0
libQt5Gui.so.5                    libQt5Xml.la
libQt5Gui.so.5.5                  libQt5Xml.prl
libQt5Gui.so.5.5.0                libQt5Xml.so
libQt5Help.la                     libQt5Xml.so.5
libQt5Help.prl                    libQt5Xml.so.5.5
libQt5Help.so                     libQt5Xml.so.5.5.0
libQt5Help.so.5                   libQt5XmlPatterns.la
libQt5Help.so.5.5                 libQt5XmlPatterns.prl
libQt5Help.so.5.5.0               libQt5XmlPatterns.so
libQt5Multimedia.la               libQt5XmlPatterns.so.5
libQt5Multimedia.prl              libQt5XmlPatterns.so.5.5
libQt5Multimedia.so               libQt5XmlPatterns.so.5.5.0
libQt5Multimedia.so.5             libc.so.0
libQt5Multimedia.so.5.5           libcrypt-0.9.33.2.so
libQt5Multimedia.so.5.5.0         libcrypt.so.0
libQt5MultimediaWidgets.la        libdl-0.9.33.2.so
libQt5MultimediaWidgets.prl       libdl.so.0
libQt5MultimediaWidgets.so        libgcc_s.so
libQt5MultimediaWidgets.so.5      libgcc_s.so.1
libQt5MultimediaWidgets.so.5.5    libgm.so
libQt5MultimediaWidgets.so.5.5.0  libiberty.a
libQt5Network.la                  libm-0.9.33.2.so
libQt5Network.prl                 libm.so.0
libQt5Network.so                  libmudflap.a
libQt5Network.so.5                libmudflap.la
libQt5Network.so.5.5              libmudflap.so
libQt5Network.so.5.5.0            libmudflap.so.0
libQt5Nfc.la                      libmudflap.so.0.0.0
libQt5Nfc.prl                     libmudflapth.a
libQt5Nfc.so                      libmudflapth.la
libQt5Nfc.so.5                    libmudflapth.so
libQt5Nfc.so.5.5                  libmudflapth.so.0
libQt5Nfc.so.5.5.0                libmudflapth.so.0.0.0
libQt5PlatformSupport.a           libnsl-0.9.33.2.so
libQt5PlatformSupport.la          libnsl.so.0
libQt5PlatformSupport.prl         libpthread-0.9.33.2.so
libQt5Positioning.la              libpthread.so.0
libQt5Positioning.prl             libresolv-0.9.33.2.so
libQt5Positioning.so              libresolv.so.0
libQt5Positioning.so.5            librt-0.9.33.2.so
libQt5Positioning.so.5.5          librt.so.0
libQt5Positioning.so.5.5.0        libstdc++.a
libQt5PrintSupport.la             libstdc++.la
libQt5PrintSupport.prl            libstdc++.so
libQt5PrintSupport.so             libstdc++.so.6
libQt5PrintSupport.so.5           libstdc++.so.6.0.11
libQt5PrintSupport.so.5.5         libsupc++.a
libQt5PrintSupport.so.5.5.0       libsupc++.la
libQt5Qml.la                      libuClibc-0.9.33.2.so
libQt5Qml.prl                     libutil-0.9.33.2.so
libQt5Qml.so                      libutil.so.0
libQt5Qml.so.5                    modules
libQt5Qml.so.5.5                  pkgconfig
libQt5Qml.so.5.5.0
[root@GM]# cd ../
[root@GM]# ls
00_2014-11-14    etc              lib              squashfs_init
Test0323         fb_st7789v.ko    libORG           sys
bin              fbtft_device.ko  mnt              tftfb0test
boot.sh          gm               proc             tmp
dev              init             sbin             usr
dsw              lcd_test         share            var
[root@GM]# pwd
/mnt/nfs
[root@GM]# ls dev
pts  shm
[root@GM]# mdev -s
[root@GM]# ls dev
pts  shm
[root@GM]# ls dev
pts  shm
[root@GM]# ls dev
pts  shm
[root@GM]# ls
00_2014-11-14    etc              lib              squashfs_init
Test0323         fb_st7789v.ko    libORG           sys
bin              fbtft_device.ko  mnt              tftfb0test
boot.sh          gm               proc             tmp
dev              init             sbin             usr
dsw              lcd_test         share            var
[root@GM]# ls /dev
console       loop3         mtd3          mtdblock4     ram13         shm
device        loop4         mtd3ro        mtdblock5     ram14         tty
fb0           loop5         mtd4          mtdblock6     ram15         ttyS0
frammap0      loop6         mtd4ro        null          ram2          ttyS1
full          loop7         mtd5          ppp           ram3          ttyS2
i2c-0         mem           mtd5ro        ptmx          ram4          urandom
kmem          mtd0          mtd6          pts           ram5          watchdog
kmsg          mtd0ro        mtd6ro        ram0          ram6          zero
loop-control  mtd1          mtdblock0     ram1          ram7
loop0         mtd1ro        mtdblock1     ram10         ram8
loop1         mtd2          mtdblock2     ram11         ram9
loop2         mtd2ro        mtdblock3     ram12         random
[root@GM]# export
export HOME='/'
export LD_LIBRARY_PATH='usr/local/Qt-5.5.0-arm/lib:usr/local/Qt-5.5.0-arm/lib:'
export OLDPWD='/mnt/nfs/lib'
export PATH='usr/local/Qt-5.5.0-arm/bin:/usr/bin:/usr/sbin:/bin:/sbin:/gm/bin:/gm/tools'
export PWD='/mnt/nfs'
export QTDIR='usr/local/Qt-5.5.0-arm'
export QT_QPA_FONTDIR='usr/local/Qt-5.5.0-arm/lib/fonts'
export QT_QPA_PLAFFORM='linuxfb:fb=/dev/fb0:size=320x240:tty=/dev/ttyS0'
export QT_QPA_PLAFFORM_PLUGIN_PATH='usr/local/Qt-5.5.0-arm/plugins/'
export QT_QPA_PLATFORM='linuxfb:fb=/dev/fb0:size=320x240:tty=/dev/ttyS0'
export QT_QPA_PLATFORM_PLUGIN_PATH='usr/local/Qt-5.5.0-arm/plugins/'
export SHELL='/bin/sh'
export TERM='vt102'
export USER='root'
export gmmem='90M'
[root@GM]# cat /etc/profile 
PATH=/usr/bin:/usr/sbin:/bin:/sbin:/gm/bin:/gm/tools
PS1="[$USER@GM]# "
[root@GM]# pwd
/mnt/nfs
[root@GM]# ./lib/LCD_st7789v 
./lib/LCD_st7789v: can't load library 'libstdc++.so.6'
[root@GM]# cd lib
[root@GM]# ./LCD_st7789v 
This application failed to start because it could not find or load the Qt platform plugin "linuxfb".

Reinstalling the application may fix this problem.
Aborted
[root@GM]# ./Test0323 
This application failed to start because it could not find or load the Qt platform plugin "linuxfb".

Reinstalling the application may fix this problem.
Aborted
[root@GM]# [root@GM]# ./LCD_st7789v 
/bin/sh: [root@GM]#: not found
[root@GM]# This application failed to start because it could not find or load th
e Qt platform plugin "linuxfb".
 applicatio/bin/sh: This: not found
[root@GM]# 
[root@GM]# Reinstalling the application may fix this problem.
/bin/sh: Reinstalling: not found
[root@GM]# This application failed to start because it could not find or load th
[root@GM]# PWD
/bin/sh: PWD: not found
[root@GM]# pwd
/mnt/nfs/lib
[root@GM]# source etc/profile
/bin/sh: source: can't open 'etc/profile'
[root@GM]# ce etc/profile
/bin/sh: ce: not found
[root@GM]# 
[root@GM]# cd ../..
[root@GM]# ls
mtd  nfs
[root@GM]# pwd
/mnt
[root@GM]# cd nfs
[root@GM]# ls
00_2014-11-14    etc              lib              squashfs_init
Test0323         fb_st7789v.ko    libORG           sys
bin              fbtft_device.ko  mnt              tftfb0test
boot.sh          gm               proc             tmp
dev              init             sbin             usr
dsw              lcd_test         share            var
[root@GM]# source etc/profile
[root@GM]# export
export HOME='/'
export LD_LIBRARY_PATH='usr/local/Qt-5.5.0-arm/lib:usr/local/Qt-5.5.0-arm/lib:usr/local/Qt-5.5.0-arm/lib:'
export OLDPWD='/mnt'
export PATH='usr/local/Qt-5.5.0-arm/bin:/usr/bin:/usr/sbin:/bin:/sbin:/gm/bin:/gm/tools'
export PWD='/mnt/nfs'
export QTDIR='usr/local/Qt-5.5.0-arm'
export QT_QPA_FONTDIR='usr/local/Qt-5.5.0-arm/lib/fonts'
export QT_QPA_PLAFFORM='linuxfb:fb=/dev/fb0:size=320x240:tty=/dev/ttyS0'
export QT_QPA_PLAFFORM_PLUGIN_PATH='usr/local/Qt-5.5.0-arm/plugins/'
export QT_QPA_PLATFORM='linuxFB:fb=/dev/fb0:size=320x240:tty=/dev/ttyS0'
export QT_QPA_PLATFORM_PLUGIN_PATH='usr/local/Qt-5.5.0-arm/plugins/'
export SHELL='/bin/sh'
export TERM='vt102'
export USER='root'
export gmmem='90M'
[root@GM]# cd lib
[root@GM]# ./LCD_st7789v 
This application failed to start because it could not find or load the Qt platform plugin "linuxfb".

Reinstalling the application may fix this problem.
Aborted
[root@GM]# exot
/bin/sh: exot: not found
[root@GM]# exit


BusyBox v1.19.4 (2013-09-04 16:29:58 CST) built-in shell (ash)
Enter 'help' for a list of built-in commands.

/ # export
export HOME='/'
export PATH='/sbin:/usr/sbin:/bin:/usr/bin:/gm/tools:/gm/bin'
export PWD='/'
export SHELL='/bin/sh'
export TERM='vt102'
export USER='root'
export gmmem='90M'
/ # cd /mnt/nfs
/mnt/nfs # ls
00_2014-11-14    etc              lib              squashfs_init
Test0323         fb_st7789v.ko    libORG           sys
bin              fbtft_device.ko  mnt              tftfb0test
boot.sh          gm               proc             tmp
dev              init             sbin             usr
dsw              lcd_test         share            var
/mnt/nfs # source etc/profile
[root@GM]# export
export HOME='/'
export LD_LIBRARY_PATH='usr/local/Qt-5.5.0-arm/lib:'
export OLDPWD='/'
export PATH='usr/local/Qt-5.5.0-arm/bin:/usr/bin:/usr/sbin:/bin:/sbin:/gm/bin:/gm/tools'
export PWD='/mnt/nfs'
export QTDIR='usr/local/Qt-5.5.0-arm'
export QT_QPA_FONTDIR='usr/local/Qt-5.5.0-arm/lib/fonts'
export QT_QPA_PLATFORM='linuxFB:fb=/dev/fb0:size=320x240:tty=/dev/ttyS0'
export QT_QPA_PLATFORM_PLUGIN_PATH='usr/local/Qt-5.5.0-arm/plugins/'
export SHELL='/bin/sh'
export TERM='vt102'
export USER='root'
export gmmem='90M'
[root@GM]# cd lib
[root@GM]# ./LCD_st7789v 
This application failed to start because it could not find or load the Qt platform plugin "linuxfb".

Reinstalling the application may fix this problem.
Aborted
[root@GM]# ls /dev
console       loop3         mtd3          mtdblock4     ram13         shm
device        loop4         mtd3ro        mtdblock5     ram14         tty
fb0           loop5         mtd4          mtdblock6     ram15         ttyS0
frammap0      loop6         mtd4ro        null          ram2          ttyS1
full          loop7         mtd5          ppp           ram3          ttyS2
i2c-0         mem           mtd5ro        ptmx          ram4          urandom
kmem          mtd0          mtd6          pts           ram5          watchdog
kmsg          mtd0ro        mtd6ro        ram0          ram6          zero
loop-control  mtd1          mtdblock0     ram1          ram7
loop0         mtd1ro        mtdblock1     ram10         ram8
loop1         mtd2          mtdblock2     ram11         ram9
loop2         mtd2ro        mtdblock3     ram12         random
[root@GM]# pwd
/mnt/nfs/lib
[root@GM]# cd ..
[root@GM]# ls
00_2014-11-14    etc              lib              squashfs_init
Test0323         fb_st7789v.ko    libORG           sys
bin              fbtft_device.ko  mnt              tftfb0test
boot.sh          gm               proc             tmp
dev              init             sbin             usr
dsw              lcd_test         share            var
[root@GM]# cd dev
[root@GM]# ls
pts  shm
[root@GM]# cd ..
[root@GM]# cd lib
[root@GM]# ls
LCD_st7789v                       libQt5QmlDevTools.a
Test0323                          libQt5QmlDevTools.la
cmake                             libQt5QmlDevTools.prl
fonts                             libQt5Sensors.la
ld-uClibc-0.9.33.2.so             libQt5Sensors.prl
ld-uClibc.so.0                    libQt5Sensors.so
libQt53DCore.la                   libQt5Sensors.so.5
libQt53DCore.prl                  libQt5Sensors.so.5.5
libQt53DCore.so                   libQt5Sensors.so.5.5.0
libQt53DCore.so.5                 libQt5Sql.la
libQt53DCore.so.5.5               libQt5Sql.prl
libQt53DCore.so.5.5.0             libQt5Sql.so
libQt5Bluetooth.la                libQt5Sql.so.5
libQt5Bluetooth.prl               libQt5Sql.so.5.5
libQt5Bluetooth.so                libQt5Sql.so.5.5.0
libQt5Bluetooth.so.5              libQt5Svg.la
libQt5Bluetooth.so.5.5            libQt5Svg.prl
libQt5Bluetooth.so.5.5.0          libQt5Svg.so
libQt5Bootstrap.a                 libQt5Svg.so.5
libQt5Bootstrap.la                libQt5Svg.so.5.5
libQt5Bootstrap.prl               libQt5Svg.so.5.5.0
libQt5CLucene.la                  libQt5Test.la
libQt5CLucene.prl                 libQt5Test.prl
libQt5CLucene.so                  libQt5Test.so
libQt5CLucene.so.5                libQt5Test.so.5
libQt5CLucene.so.5.5              libQt5Test.so.5.5
libQt5CLucene.so.5.5.0            libQt5Test.so.5.5.0
libQt5Concurrent.la               libQt5UiTools.a
libQt5Concurrent.prl              libQt5UiTools.la
libQt5Concurrent.so               libQt5UiTools.prl
libQt5Concurrent.so.5             libQt5WebChannel.la
libQt5Concurrent.so.5.5           libQt5WebChannel.prl
libQt5Concurrent.so.5.5.0         libQt5WebChannel.so
libQt5Core.la                     libQt5WebChannel.so.5
libQt5Core.prl                    libQt5WebChannel.so.5.5
libQt5Core.so                     libQt5WebChannel.so.5.5.0
libQt5Core.so.5                   libQt5WebSockets.la
libQt5Core.so.5.5                 libQt5WebSockets.prl
libQt5Core.so.5.5.0               libQt5WebSockets.so
libQt5DBus.la                     libQt5WebSockets.so.5
libQt5DBus.prl                    libQt5WebSockets.so.5.5
libQt5DBus.so                     libQt5WebSockets.so.5.5.0
libQt5DBus.so.5                   libQt5Widgets.la
libQt5DBus.so.5.5                 libQt5Widgets.prl
libQt5DBus.so.5.5.0               libQt5Widgets.so
libQt5Gui.la                      libQt5Widgets.so.5
libQt5Gui.prl                     libQt5Widgets.so.5.5
libQt5Gui.so                      libQt5Widgets.so.5.5.0
libQt5Gui.so.5                    libQt5Xml.la
libQt5Gui.so.5.5                  libQt5Xml.prl
libQt5Gui.so.5.5.0                libQt5Xml.so
libQt5Help.la                     libQt5Xml.so.5
libQt5Help.prl                    libQt5Xml.so.5.5
libQt5Help.so                     libQt5Xml.so.5.5.0
libQt5Help.so.5                   libQt5XmlPatterns.la
libQt5Help.so.5.5                 libQt5XmlPatterns.prl
libQt5Help.so.5.5.0               libQt5XmlPatterns.so
libQt5Multimedia.la               libQt5XmlPatterns.so.5
libQt5Multimedia.prl              libQt5XmlPatterns.so.5.5
libQt5Multimedia.so               libQt5XmlPatterns.so.5.5.0
libQt5Multimedia.so.5             libc.so.0
libQt5Multimedia.so.5.5           libcrypt-0.9.33.2.so
libQt5Multimedia.so.5.5.0         libcrypt.so.0
libQt5MultimediaWidgets.la        libdl-0.9.33.2.so
libQt5MultimediaWidgets.prl       libdl.so.0
libQt5MultimediaWidgets.so        libgcc_s.so
libQt5MultimediaWidgets.so.5      libgcc_s.so.1
libQt5MultimediaWidgets.so.5.5    libgm.so
libQt5MultimediaWidgets.so.5.5.0  libiberty.a
libQt5Network.la                  libm-0.9.33.2.so
libQt5Network.prl                 libm.so.0
libQt5Network.so                  libmudflap.a
libQt5Network.so.5                libmudflap.la
libQt5Network.so.5.5              libmudflap.so
libQt5Network.so.5.5.0            libmudflap.so.0
libQt5Nfc.la                      libmudflap.so.0.0.0
libQt5Nfc.prl                     libmudflapth.a
libQt5Nfc.so                      libmudflapth.la
libQt5Nfc.so.5                    libmudflapth.so
libQt5Nfc.so.5.5                  libmudflapth.so.0
libQt5Nfc.so.5.5.0                libmudflapth.so.0.0.0
libQt5PlatformSupport.a           libnsl-0.9.33.2.so
libQt5PlatformSupport.la          libnsl.so.0
libQt5PlatformSupport.prl         libpthread-0.9.33.2.so
libQt5Positioning.la              libpthread.so.0
libQt5Positioning.prl             libresolv-0.9.33.2.so
libQt5Positioning.so              libresolv.so.0
libQt5Positioning.so.5            librt-0.9.33.2.so
libQt5Positioning.so.5.5          librt.so.0
libQt5Positioning.so.5.5.0        libstdc++.a
libQt5PrintSupport.la             libstdc++.la
libQt5PrintSupport.prl            libstdc++.so
libQt5PrintSupport.so             libstdc++.so.6
libQt5PrintSupport.so.5           libstdc++.so.6.0.11
libQt5PrintSupport.so.5.5         libsupc++.a
libQt5PrintSupport.so.5.5.0       libsupc++.la
libQt5Qml.la                      libuClibc-0.9.33.2.so
libQt5Qml.prl                     libutil-0.9.33.2.so
libQt5Qml.so                      libutil.so.0
libQt5Qml.so.5                    modules
libQt5Qml.so.5.5                  pkgconfig
libQt5Qml.so.5.5.0
[root@GM]# pwd
/mnt/nfs/lib
[root@GM]# ls
LCD_st7789v                       libQt5QmlDevTools.a
Test0323                          libQt5QmlDevTools.la
cmake                             libQt5QmlDevTools.prl
fonts                             libQt5Sensors.la
ld-uClibc-0.9.33.2.so             libQt5Sensors.prl
ld-uClibc.so.0                    libQt5Sensors.so
libQt53DCore.la                   libQt5Sensors.so.5
libQt53DCore.prl                  libQt5Sensors.so.5.5
libQt53DCore.so                   libQt5Sensors.so.5.5.0
libQt53DCore.so.5                 libQt5Sql.la
libQt53DCore.so.5.5               libQt5Sql.prl
libQt53DCore.so.5.5.0             libQt5Sql.so
libQt5Bluetooth.la                libQt5Sql.so.5
libQt5Bluetooth.prl               libQt5Sql.so.5.5
libQt5Bluetooth.so                libQt5Sql.so.5.5.0
libQt5Bluetooth.so.5              libQt5Svg.la
libQt5Bluetooth.so.5.5            libQt5Svg.prl
libQt5Bluetooth.so.5.5.0          libQt5Svg.so
libQt5Bootstrap.a                 libQt5Svg.so.5
libQt5Bootstrap.la                libQt5Svg.so.5.5
libQt5Bootstrap.prl               libQt5Svg.so.5.5.0
libQt5CLucene.la                  libQt5Test.la
libQt5CLucene.prl                 libQt5Test.prl
libQt5CLucene.so                  libQt5Test.so
libQt5CLucene.so.5                libQt5Test.so.5
libQt5CLucene.so.5.5              libQt5Test.so.5.5
libQt5CLucene.so.5.5.0            libQt5Test.so.5.5.0
libQt5Concurrent.la               libQt5UiTools.a
libQt5Concurrent.prl              libQt5UiTools.la
libQt5Concurrent.so               libQt5UiTools.prl
libQt5Concurrent.so.5             libQt5WebChannel.la
libQt5Concurrent.so.5.5           libQt5WebChannel.prl
libQt5Concurrent.so.5.5.0         libQt5WebChannel.so
libQt5Core.la                     libQt5WebChannel.so.5
libQt5Core.prl                    libQt5WebChannel.so.5.5
libQt5Core.so                     libQt5WebChannel.so.5.5.0
libQt5Core.so.5                   libQt5WebSockets.la
libQt5Core.so.5.5                 libQt5WebSockets.prl
libQt5Core.so.5.5.0               libQt5WebSockets.so
libQt5DBus.la                     libQt5WebSockets.so.5
libQt5DBus.prl                    libQt5WebSockets.so.5.5
libQt5DBus.so                     libQt5WebSockets.so.5.5.0
libQt5DBus.so.5                   libQt5Widgets.la
libQt5DBus.so.5.5                 libQt5Widgets.prl
libQt5DBus.so.5.5.0               libQt5Widgets.so
libQt5Gui.la                      libQt5Widgets.so.5
libQt5Gui.prl                     libQt5Widgets.so.5.5
libQt5Gui.so                      libQt5Widgets.so.5.5.0
libQt5Gui.so.5                    libQt5Xml.la
libQt5Gui.so.5.5                  libQt5Xml.prl
libQt5Gui.so.5.5.0                libQt5Xml.so
libQt5Help.la                     libQt5Xml.so.5
libQt5Help.prl                    libQt5Xml.so.5.5
libQt5Help.so                     libQt5Xml.so.5.5.0
libQt5Help.so.5                   libQt5XmlPatterns.la
libQt5Help.so.5.5                 libQt5XmlPatterns.prl
libQt5Help.so.5.5.0               libQt5XmlPatterns.so
libQt5Multimedia.la               libQt5XmlPatterns.so.5
libQt5Multimedia.prl              libQt5XmlPatterns.so.5.5
libQt5Multimedia.so               libQt5XmlPatterns.so.5.5.0
libQt5Multimedia.so.5             libc.so.0
libQt5Multimedia.so.5.5           libcrypt-0.9.33.2.so
libQt5Multimedia.so.5.5.0         libcrypt.so.0
libQt5MultimediaWidgets.la        libdl-0.9.33.2.so
libQt5MultimediaWidgets.prl       libdl.so.0
libQt5MultimediaWidgets.so        libgcc_s.so
libQt5MultimediaWidgets.so.5      libgcc_s.so.1
libQt5MultimediaWidgets.so.5.5    libgm.so
libQt5MultimediaWidgets.so.5.5.0  libiberty.a
libQt5Network.la                  libm-0.9.33.2.so
libQt5Network.prl                 libm.so.0
libQt5Network.so                  libmudflap.a
libQt5Network.so.5                libmudflap.la
libQt5Network.so.5.5              libmudflap.so
libQt5Network.so.5.5.0            libmudflap.so.0
libQt5Nfc.la                      libmudflap.so.0.0.0
libQt5Nfc.prl                     libmudflapth.a
libQt5Nfc.so                      libmudflapth.la
libQt5Nfc.so.5                    libmudflapth.so
libQt5Nfc.so.5.5                  libmudflapth.so.0
libQt5Nfc.so.5.5.0                libmudflapth.so.0.0.0
libQt5PlatformSupport.a           libnsl-0.9.33.2.so
libQt5PlatformSupport.la          libnsl.so.0
libQt5PlatformSupport.prl         libpthread-0.9.33.2.so
libQt5Positioning.la              libpthread.so.0
libQt5Positioning.prl             libresolv-0.9.33.2.so
libQt5Positioning.so              libresolv.so.0
libQt5Positioning.so.5            librt-0.9.33.2.so
libQt5Positioning.so.5.5          librt.so.0
libQt5Positioning.so.5.5.0        libstdc++.a
libQt5PrintSupport.la             libstdc++.la
libQt5PrintSupport.prl            libstdc++.so
libQt5PrintSupport.so             libstdc++.so.6
libQt5PrintSupport.so.5           libstdc++.so.6.0.11
libQt5PrintSupport.so.5.5         libsupc++.a
libQt5PrintSupport.so.5.5.0       libsupc++.la
libQt5Qml.la                      libuClibc-0.9.33.2.so
libQt5Qml.prl                     libutil-0.9.33.2.so
libQt5Qml.so                      libutil.so.0
libQt5Qml.so.5                    modules
libQt5Qml.so.5.5                  pkgconfig
libQt5Qml.so.5.5.0
[root@GM]# ls
LCD_st7789v                       libQt5QmlDevTools.a
Test0323                          libQt5QmlDevTools.la
cmake                             libQt5QmlDevTools.prl
fonts                             libQt5Sensors.la
ld-uClibc-0.9.33.2.so             libQt5Sensors.prl
ld-uClibc.so.0                    libQt5Sensors.so
libQt53DCore.la                   libQt5Sensors.so.5
libQt53DCore.prl                  libQt5Sensors.so.5.5
libQt53DCore.so                   libQt5Sensors.so.5.5.0
libQt53DCore.so.5                 libQt5Sql.la
libQt53DCore.so.5.5               libQt5Sql.prl
libQt53DCore.so.5.5.0             libQt5Sql.so
libQt5Bluetooth.la                libQt5Sql.so.5
libQt5Bluetooth.prl               libQt5Sql.so.5.5
libQt5Bluetooth.so                libQt5Sql.so.5.5.0
libQt5Bluetooth.so.5              libQt5Svg.la
libQt5Bluetooth.so.5.5            libQt5Svg.prl
libQt5Bluetooth.so.5.5.0          libQt5Svg.so
libQt5Bootstrap.a                 libQt5Svg.so.5
libQt5Bootstrap.la                libQt5Svg.so.5.5
libQt5Bootstrap.prl               libQt5Svg.so.5.5.0
libQt5CLucene.la                  libQt5Test.la
libQt5CLucene.prl                 libQt5Test.prl
libQt5CLucene.so                  libQt5Test.so
libQt5CLucene.so.5                libQt5Test.so.5
libQt5CLucene.so.5.5              libQt5Test.so.5.5
libQt5CLucene.so.5.5.0            libQt5Test.so.5.5.0
libQt5Concurrent.la               libQt5UiTools.a
libQt5Concurrent.prl              libQt5UiTools.la
libQt5Concurrent.so               libQt5UiTools.prl
libQt5Concurrent.so.5             libQt5WebChannel.la
libQt5Concurrent.so.5.5           libQt5WebChannel.prl
libQt5Concurrent.so.5.5.0         libQt5WebChannel.so
libQt5Core.la                     libQt5WebChannel.so.5
libQt5Core.prl                    libQt5WebChannel.so.5.5
libQt5Core.so                     libQt5WebChannel.so.5.5.0
libQt5Core.so.5                   libQt5WebSockets.la
libQt5Core.so.5.5                 libQt5WebSockets.prl
libQt5Core.so.5.5.0               libQt5WebSockets.so
libQt5DBus.la                     libQt5WebSockets.so.5
libQt5DBus.prl                    libQt5WebSockets.so.5.5
libQt5DBus.so                     libQt5WebSockets.so.5.5.0
libQt5DBus.so.5                   libQt5Widgets.la
libQt5DBus.so.5.5                 libQt5Widgets.prl
libQt5DBus.so.5.5.0               libQt5Widgets.so
libQt5Gui.la                      libQt5Widgets.so.5
libQt5Gui.prl                     libQt5Widgets.so.5.5
libQt5Gui.so                      libQt5Widgets.so.5.5.0
libQt5Gui.so.5                    libQt5Xml.la
libQt5Gui.so.5.5                  libQt5Xml.prl
libQt5Gui.so.5.5.0                libQt5Xml.so
libQt5Help.la                     libQt5Xml.so.5
libQt5Help.prl                    libQt5Xml.so.5.5
libQt5Help.so                     libQt5Xml.so.5.5.0
libQt5Help.so.5                   libQt5XmlPatterns.la
libQt5Help.so.5.5                 libQt5XmlPatterns.prl
libQt5Help.so.5.5.0               libQt5XmlPatterns.so
libQt5Multimedia.la               libQt5XmlPatterns.so.5
libQt5Multimedia.prl              libQt5XmlPatterns.so.5.5
libQt5Multimedia.so               libQt5XmlPatterns.so.5.5.0
libQt5Multimedia.so.5             libc.so.0
libQt5Multimedia.so.5.5           libcrypt-0.9.33.2.so
libQt5Multimedia.so.5.5.0         libcrypt.so.0
libQt5MultimediaWidgets.la        libdl-0.9.33.2.so
libQt5MultimediaWidgets.prl       libdl.so.0
libQt5MultimediaWidgets.so        libgcc_s.so
libQt5MultimediaWidgets.so.5      libgcc_s.so.1
libQt5MultimediaWidgets.so.5.5    libgm.so
libQt5MultimediaWidgets.so.5.5.0  libiberty.a
libQt5Network.la                  libm-0.9.33.2.so
libQt5Network.prl                 libm.so.0
libQt5Network.so                  libmudflap.a
libQt5Network.so.5                libmudflap.la
libQt5Network.so.5.5              libmudflap.so
libQt5Network.so.5.5.0            libmudflap.so.0
libQt5Nfc.la                      libmudflap.so.0.0.0
libQt5Nfc.prl                     libmudflapth.a
libQt5Nfc.so                      libmudflapth.la
libQt5Nfc.so.5                    libmudflapth.so
libQt5Nfc.so.5.5                  libmudflapth.so.0
libQt5Nfc.so.5.5.0                libmudflapth.so.0.0.0
libQt5PlatformSupport.a           libnsl-0.9.33.2.so
libQt5PlatformSupport.la          libnsl.so.0
libQt5PlatformSupport.prl         libpthread-0.9.33.2.so
libQt5Positioning.la              libpthread.so.0
libQt5Positioning.prl             libresolv-0.9.33.2.so
libQt5Positioning.so              libresolv.so.0
libQt5Positioning.so.5            librt-0.9.33.2.so
libQt5Positioning.so.5.5          librt.so.0
libQt5Positioning.so.5.5.0        libstdc++.a
libQt5PrintSupport.la             libstdc++.la
libQt5PrintSupport.prl            libstdc++.so
libQt5PrintSupport.so             libstdc++.so.6
libQt5PrintSupport.so.5           libstdc++.so.6.0.11
libQt5PrintSupport.so.5.5         libsupc++.a
libQt5PrintSupport.so.5.5.0       libsupc++.la
libQt5Qml.la                      libuClibc-0.9.33.2.so
libQt5Qml.prl                     libutil-0.9.33.2.so
libQt5Qml.so                      libutil.so.0
libQt5Qml.so.5                    modules
libQt5Qml.so.5.5                  pkgconfig
libQt5Qml.so.5.5.0
[root@GM]# ./LCD_st7789v 
This application failed to start because it could not find or load the Qt platform plugin "linuxfb".

Reinstalling the application may fix this problem.
Aborted
[root@GM]# exit


BusyBox v1.19.4 (2013-09-04 16:29:58 CST) built-in shell (ash)
Enter 'help' for a list of built-in commands.

/ # cd /mnt/nfs
/mnt/nfs # source etc/profile
[root@GM]# ls
00_2014-11-14    etc              lib              squashfs_init
Test0323         fb_st7789v.ko    libORG           sys
bin              fbtft_device.ko  mnt              tftfb0test
boot.sh          gm               proc             tmp
dev              init             sbin             usr
dsw              lcd_test         share            var
[root@GM]# cd lib
[root@GM]# export
export HOME='/'
export LD_LIBRARY_PATH='usr/local/Qt-5.5.0-arm/lib:'
export OLDPWD='/mnt/nfs'
export PATH='usr/local/Qt-5.5.0-arm/bin:/usr/bin:/usr/sbin:/bin:/sbin:/gm/bin:/gm/tools'
export PWD='/mnt/nfs/lib'
export QTDIR='usr/local/Qt-5.5.0-arm'
export QT_QPA_FONTDIR='usr/local/Qt-5.5.0-arm/lib/fonts'
export QT_QPA_PLATFORM='qlinuxfb:fb=/dev/fb0:size=320x240:tty=/dev/ttyS0'
export QT_QPA_PLATFORM_PLUGIN_PATH='usr/local/Qt-5.5.0-arm/plugins/'
export SHELL='/bin/sh'
export TERM='vt102'
export USER='root'
export gmmem='90M'
[root@GM]# ./LCD_st7789v 
This application failed to start because it could not find or load the Qt platform plugin "qlinuxfb".

Reinstalling the application may fix this problem.
Aborted
[root@GM]# exit


BusyBox v1.19.4 (2013-09-04 16:29:58 CST) built-in shell (ash)
Enter 'help' for a list of built-in commands.

/ # cd /mnt/nfs
/mnt/nfs # ls
00_2014-11-14    etc              lib              squashfs_init
Test0323         fb_st7789v.ko    libORG           sys
bin              fbtft_device.ko  mnt              tftfb0test
boot.sh          gm               proc             tmp
dev              init             sbin             usr
dsw              lcd_test         share            var
/mnt/nfs # source etc/profile
[root@GM]# ls
00_2014-11-14    etc              lib              squashfs_init
Test0323         fb_st7789v.ko    libORG           sys
bin              fbtft_device.ko  mnt              tftfb0test
boot.sh          gm               proc             tmp
dev              init             sbin             usr
dsw              lcd_test         share            var
[root@GM]# export
export HOME='/'
export LD_LIBRARY_PATH='usr/local/Qt-5.5.0-arm/lib:'
export OLDPWD='/'
export PATH='usr/local/Qt-5.5.0-arm/bin:/usr/bin:/usr/sbin:/bin:/sbin:/gm/bin:/gm/tools'
export PWD='/mnt/nfs'
export QTDIR='usr/local/Qt-5.5.0-arm'
export QT_QPA_FONTDIR='usr/local/Qt-5.5.0-arm/lib/fonts'
export QT_QPA_PLATFORM='LinuxFB:fb=/dev/fb0:size=320x240:tty=/dev/ttyS0'
export QT_QPA_PLATFORM_PLUGIN_PATH='usr/local/Qt-5.5.0-arm/plugins/'
export SHELL='/bin/sh'
export TERM='vt102'
export USER='root'
export gmmem='90M'
[root@GM]# cd lib
[root@GM]# ./LCD_st7789v 
This application failed to start because it could not find or load the Qt platform plugin "linuxfb".

Reinstalling the application may fix this problem.
Aborted
[root@GM]# export
export HOME='/'
export LD_LIBRARY_PATH='usr/local/Qt-5.5.0-arm/lib:'
export OLDPWD='/mnt/nfs'
export PATH='usr/local/Qt-5.5.0-arm/bin:/usr/bin:/usr/sbin:/bin:/sbin:/gm/bin:/gm/tools'
export PWD='/mnt/nfs/lib'
export QTDIR='usr/local/Qt-5.5.0-arm'
export QT_QPA_FONTDIR='usr/local/Qt-5.5.0-arm/lib/fonts'
export QT_QPA_PLATFORM='LinuxFB:fb=/dev/fb0:size=320x240:tty=/dev/ttyS0'
export QT_QPA_PLATFORM_PLUGIN_PATH='usr/local/Qt-5.5.0-arm/plugins/'
export SHELL='/bin/sh'
export TERM='vt102'
export USER='root'
export gmmem='90M'
[root@GM]# exit


BusyBox v1.19.4 (2013-09-04 16:29:58 CST) built-in shell (ash)
Enter 'help' for a list of built-in commands.

/ # cd /mnt/nfs
/mnt/nfs # source etc/profile
[root@GM]# ls
00_2014-11-14    etc              lib              squashfs_init
Test0323         fb_st7789v.ko    libORG           sys
bin              fbtft_device.ko  mnt              tftfb0test
boot.sh          gm               proc             tmp
dev              init             sbin             usr
dsw              lcd_test         share            var
[root@GM]# export
export HOME='/'
export LD_LIBRARY_PATH='/usr/local/Qt-5.5.0-arm/lib:'
export OLDPWD='/'
export PATH='/usr/local/Qt-5.5.0-arm/bin:/usr/bin:/usr/sbin:/bin:/sbin:/gm/bin:/gm/tools'
export PWD='/mnt/nfs'
export QTDIR='/usr/local/Qt-5.5.0-arm'
export QT_QPA_FONTDIR='/usr/local/Qt-5.5.0-arm/lib/fonts'
export QT_QPA_PLATFORM='LinuxFB:fb=/dev/fb0:size=320x240:tty=/dev/ttyS0'
export QT_QPA_PLATFORM_PLUGIN_PATH='/usr/local/Qt-5.5.0-arm/plugins/'
export SHELL='/bin/sh'
export TERM='vt102'
export USER='root'
export gmmem='90M'
[root@GM]# cd lib
[root@GM]# ./LCD_st7789v 
This application failed to start because it could not find or load the Qt platform plugin "linuxfb".

Reinstalling the application may fix this problem.
Aborted
[root@GM]# ./LCD_st7789v 
QFontDatabase: Cannot find font directory /usr/local/Qt-5.5.0-arm/lib/fonts - is Qt installed correctly?
QFontDatabase: Cannot find font directory /usr/local/Qt-5.5.0-arm/lib/fonts - is Qt installed correctly?
QFontDatabase: Cannot find font directory /usr/local/Qt-5.5.0-arm/lib/fonts - is Qt installed correctly?
QFontDatabase: Cannot find font directory /usr/local/Qt-5.5.0-arm/lib/fonts - is Qt installed correctly?
ssssssssssssss-->
ssssssssssssss-->
^C[root@GM]# exit


BusyBox v1.19.4 (2013-09-04 16:29:58 CST) built-in shell (ash)
Enter 'help' for a list of built-in commands.

/ # cd /mnt/nfs
/mnt/nfs # source etc/profile
[root@GM]# ls
00_2014-11-14    etc              lib              squashfs_init
Test0323         fb_st7789v.ko    libORG           sys
bin              fbtft_device.ko  mnt              tftfb0test
boot.sh          gm               proc             tmp
dev              init             sbin             usr
dsw              lcd_test         share            var
[root@GM]# export
export HOME='/'
export LD_LIBRARY_PATH='usr/local/Qt-5.5.0-arm/lib:'
export OLDPWD='/'
export PATH='usr/local/Qt-5.5.0-arm/bin:/usr/bin:/usr/sbin:/bin:/sbin:/gm/bin:/gm/tools'
export PWD='/mnt/nfs'
export QTDIR='usr/local/Qt-5.5.0-arm'
export QT_QPA_FONTDIR='usr/local/Qt-5.5.0-arm/lib/fonts'
export QT_QPA_PLATFORM='linuxfb:fb=/dev/fb0:size=320x240:tty=/dev/ttyS0'
export QT_QPA_PLATFORM_PLUGIN_PATH='usr/local/Qt-5.5.0-arm/plugins/'
export SHELL='/bin/sh'
export TERM='vt102'
export USER='root'
export gmmem='90M'
[root@GM]# cd lib
[root@GM]# ./LCD_st7789v 
QFontDatabase: Cannot find font directory usr/local/Qt-5.5.0-arm/lib/fonts - is Qt installed correctly?
QFontDatabase: Cannot find font directory usr/local/Qt-5.5.0-arm/lib/fonts - is Qt installed correctly?
QFontDatabase: Cannot find font directory usr/local/Qt-5.5.0-arm/lib/fonts - is Qt installed correctly?
QFontDatabase: Cannot find font directory usr/local/Qt-5.5.0-arm/lib/fonts - is Qt installed correctly?
ssssssssssssss-->
^C[root@GM]# exit


BusyBox v1.19.4 (2013-09-04 16:29:58 CST) built-in shell (ash)
Enter 'help' for a list of built-in commands.

/ # cd /mnt/nfs
/mnt/nfs # source etc/profile
[root@GM]# export
export HOME='/'
export LD_LIBRARY_PATH='usr/local/Qt-5.5.0-arm/lib:'
export OLDPWD='/'
export PATH='usr/local/Qt-5.5.0-arm/bin:/usr/bin:/usr/sbin:/bin:/sbin:/gm/bin:/gm/tools'
export PWD='/mnt/nfs'
export QTDIR='usr/local/Qt-5.5.0-arm'
export QT_QPA_FONTDIR='fonts'
export QT_QPA_PLATFORM='linuxfb:fb=/dev/fb0:size=320x240:tty=/dev/ttyS0'
export QT_QPA_PLATFORM_PLUGIN_PATH='usr/local/Qt-5.5.0-arm/plugins/'
export SHELL='/bin/sh'
export TERM='vt102'
export USER='root'
export gmmem='90M'
[root@GM]# cd lib
[root@GM]# ./LCD_st7789v 
ssssssssssssss-->
ssssssssssssss-->
.^C[root@GM]# 
[root@GM]# ./Test0323 
ssssssssssssss-->
ssssssssssssss-->


^C[root@GM]# 
[root@GM]# ls
LCD_st7789v                       libQt5QmlDevTools.a
Test0323                          libQt5QmlDevTools.la
cmake                             libQt5QmlDevTools.prl
fonts                             libQt5Sensors.la
ld-uClibc-0.9.33.2.so             libQt5Sensors.prl
ld-uClibc.so.0                    libQt5Sensors.so
libQt53DCore.la                   libQt5Sensors.so.5
libQt53DCore.prl                  libQt5Sensors.so.5.5
libQt53DCore.so                   libQt5Sensors.so.5.5.0
libQt53DCore.so.5                 libQt5Sql.la
libQt53DCore.so.5.5               libQt5Sql.prl
libQt53DCore.so.5.5.0             libQt5Sql.so
libQt5Bluetooth.la                libQt5Sql.so.5
libQt5Bluetooth.prl               libQt5Sql.so.5.5
libQt5Bluetooth.so                libQt5Sql.so.5.5.0
libQt5Bluetooth.so.5              libQt5Svg.la
libQt5Bluetooth.so.5.5            libQt5Svg.prl
libQt5Bluetooth.so.5.5.0          libQt5Svg.so
libQt5Bootstrap.a                 libQt5Svg.so.5
libQt5Bootstrap.la                libQt5Svg.so.5.5
libQt5Bootstrap.prl               libQt5Svg.so.5.5.0
libQt5CLucene.la                  libQt5Test.la
libQt5CLucene.prl                 libQt5Test.prl
libQt5CLucene.so                  libQt5Test.so
libQt5CLucene.so.5                libQt5Test.so.5
libQt5CLucene.so.5.5              libQt5Test.so.5.5
libQt5CLucene.so.5.5.0            libQt5Test.so.5.5.0
libQt5Concurrent.la               libQt5UiTools.a
libQt5Concurrent.prl              libQt5UiTools.la
libQt5Concurrent.so               libQt5UiTools.prl
libQt5Concurrent.so.5             libQt5WebChannel.la
libQt5Concurrent.so.5.5           libQt5WebChannel.prl
libQt5Concurrent.so.5.5.0         libQt5WebChannel.so
libQt5Core.la                     libQt5WebChannel.so.5
libQt5Core.prl                    libQt5WebChannel.so.5.5
libQt5Core.so                     libQt5WebChannel.so.5.5.0
libQt5Core.so.5                   libQt5WebSockets.la
libQt5Core.so.5.5                 libQt5WebSockets.prl
libQt5Core.so.5.5.0               libQt5WebSockets.so
libQt5DBus.la                     libQt5WebSockets.so.5
libQt5DBus.prl                    libQt5WebSockets.so.5.5
libQt5DBus.so                     libQt5WebSockets.so.5.5.0
libQt5DBus.so.5                   libQt5Widgets.la
libQt5DBus.so.5.5                 libQt5Widgets.prl
libQt5DBus.so.5.5.0               libQt5Widgets.so
libQt5Gui.la                      libQt5Widgets.so.5
libQt5Gui.prl                     libQt5Widgets.so.5.5
libQt5Gui.so                      libQt5Widgets.so.5.5.0
libQt5Gui.so.5                    libQt5Xml.la
libQt5Gui.so.5.5                  libQt5Xml.prl
libQt5Gui.so.5.5.0                libQt5Xml.so
libQt5Help.la                     libQt5Xml.so.5
libQt5Help.prl                    libQt5Xml.so.5.5
libQt5Help.so                     libQt5Xml.so.5.5.0
libQt5Help.so.5                   libQt5XmlPatterns.la
libQt5Help.so.5.5                 libQt5XmlPatterns.prl
libQt5Help.so.5.5.0               libQt5XmlPatterns.so
libQt5Multimedia.la               libQt5XmlPatterns.so.5
libQt5Multimedia.prl              libQt5XmlPatterns.so.5.5
libQt5Multimedia.so               libQt5XmlPatterns.so.5.5.0
libQt5Multimedia.so.5             libc.so.0
libQt5Multimedia.so.5.5           libcrypt-0.9.33.2.so
libQt5Multimedia.so.5.5.0         libcrypt.so.0
libQt5MultimediaWidgets.la        libdl-0.9.33.2.so
libQt5MultimediaWidgets.prl       libdl.so.0
libQt5MultimediaWidgets.so        libgcc_s.so
libQt5MultimediaWidgets.so.5      libgcc_s.so.1
libQt5MultimediaWidgets.so.5.5    libgm.so
libQt5MultimediaWidgets.so.5.5.0  libiberty.a
libQt5Network.la                  libm-0.9.33.2.so
libQt5Network.prl                 libm.so.0
libQt5Network.so                  libmudflap.a
libQt5Network.so.5                libmudflap.la
libQt5Network.so.5.5              libmudflap.so
libQt5Network.so.5.5.0            libmudflap.so.0
libQt5Nfc.la                      libmudflap.so.0.0.0
libQt5Nfc.prl                     libmudflapth.a
libQt5Nfc.so                      libmudflapth.la
libQt5Nfc.so.5                    libmudflapth.so
libQt5Nfc.so.5.5                  libmudflapth.so.0
libQt5Nfc.so.5.5.0                libmudflapth.so.0.0.0
libQt5PlatformSupport.a           libnsl-0.9.33.2.so
libQt5PlatformSupport.la          libnsl.so.0
libQt5PlatformSupport.prl         libpthread-0.9.33.2.so
libQt5Positioning.la              libpthread.so.0
libQt5Positioning.prl             libqlinuxfb.so
libQt5Positioning.so              libresolv-0.9.33.2.so
libQt5Positioning.so.5            libresolv.so.0
libQt5Positioning.so.5.5          librt-0.9.33.2.so
libQt5Positioning.so.5.5.0        librt.so.0
libQt5PrintSupport.la             libstdc++.a
libQt5PrintSupport.prl            libstdc++.la
libQt5PrintSupport.so             libstdc++.so
libQt5PrintSupport.so.5           libstdc++.so.6
libQt5PrintSupport.so.5.5         libstdc++.so.6.0.11
libQt5PrintSupport.so.5.5.0       libsupc++.a
libQt5Qml.la                      libsupc++.la
libQt5Qml.prl                     libuClibc-0.9.33.2.so
libQt5Qml.so                      libutil-0.9.33.2.so
libQt5Qml.so.5                    libutil.so.0
libQt5Qml.so.5.5                  modules
libQt5Qml.so.5.5.0                pkgconfig
[root@GM]# ./Test0323 
ssssssssssssss-->
ssssssssssssss-->


^C[root@GM]# 
[root@GM]# ./Test0323 

ssssssssssssss-->
ssssssssssssss-->
^C[root@GM]# 
[root@GM]# 
[root@GM]# ./Test0323 
ssssssssssssss-->
ssssssssssssss-->


^C[root@GM]# 
[root@GM]# 
[root@GM]# ls
LCD_st7789v                       libQt5QmlDevTools.a
Test0323                          libQt5QmlDevTools.la
cmake                             libQt5QmlDevTools.prl
fonts                             libQt5Sensors.la
ld-uClibc-0.9.33.2.so             libQt5Sensors.prl
ld-uClibc.so.0                    libQt5Sensors.so
libQt53DCore.la                   libQt5Sensors.so.5
libQt53DCore.prl                  libQt5Sensors.so.5.5
libQt53DCore.so                   libQt5Sensors.so.5.5.0
libQt53DCore.so.5                 libQt5Sql.la
libQt53DCore.so.5.5               libQt5Sql.prl
libQt53DCore.so.5.5.0             libQt5Sql.so
libQt5Bluetooth.la                libQt5Sql.so.5
libQt5Bluetooth.prl               libQt5Sql.so.5.5
libQt5Bluetooth.so                libQt5Sql.so.5.5.0
libQt5Bluetooth.so.5              libQt5Svg.la
libQt5Bluetooth.so.5.5            libQt5Svg.prl
libQt5Bluetooth.so.5.5.0          libQt5Svg.so
libQt5Bootstrap.a                 libQt5Svg.so.5
libQt5Bootstrap.la                libQt5Svg.so.5.5
libQt5Bootstrap.prl               libQt5Svg.so.5.5.0
libQt5CLucene.la                  libQt5Test.la
libQt5CLucene.prl                 libQt5Test.prl
libQt5CLucene.so                  libQt5Test.so
libQt5CLucene.so.5                libQt5Test.so.5
libQt5CLucene.so.5.5              libQt5Test.so.5.5
libQt5CLucene.so.5.5.0            libQt5Test.so.5.5.0
libQt5Concurrent.la               libQt5UiTools.a
libQt5Concurrent.prl              libQt5UiTools.la
libQt5Concurrent.so               libQt5UiTools.prl
libQt5Concurrent.so.5             libQt5WebChannel.la
libQt5Concurrent.so.5.5           libQt5WebChannel.prl
libQt5Concurrent.so.5.5.0         libQt5WebChannel.so
libQt5Core.la                     libQt5WebChannel.so.5
libQt5Core.prl                    libQt5WebChannel.so.5.5
libQt5Core.so                     libQt5WebChannel.so.5.5.0
libQt5Core.so.5                   libQt5WebSockets.la
libQt5Core.so.5.5                 libQt5WebSockets.prl
libQt5Core.so.5.5.0               libQt5WebSockets.so
libQt5DBus.la                     libQt5WebSockets.so.5
libQt5DBus.prl                    libQt5WebSockets.so.5.5
libQt5DBus.so                     libQt5WebSockets.so.5.5.0
libQt5DBus.so.5                   libQt5Widgets.la
libQt5DBus.so.5.5                 libQt5Widgets.prl
libQt5DBus.so.5.5.0               libQt5Widgets.so
libQt5Gui.la                      libQt5Widgets.so.5
libQt5Gui.prl                     libQt5Widgets.so.5.5
libQt5Gui.so                      libQt5Widgets.so.5.5.0
libQt5Gui.so.5                    libQt5Xml.la
libQt5Gui.so.5.5                  libQt5Xml.prl
libQt5Gui.so.5.5.0                libQt5Xml.so
libQt5Help.la                     libQt5Xml.so.5
libQt5Help.prl                    libQt5Xml.so.5.5
libQt5Help.so                     libQt5Xml.so.5.5.0
libQt5Help.so.5                   libQt5XmlPatterns.la
libQt5Help.so.5.5                 libQt5XmlPatterns.prl
libQt5Help.so.5.5.0               libQt5XmlPatterns.so
libQt5Multimedia.la               libQt5XmlPatterns.so.5
libQt5Multimedia.prl              libQt5XmlPatterns.so.5.5
libQt5Multimedia.so               libQt5XmlPatterns.so.5.5.0
libQt5Multimedia.so.5             libc.so.0
libQt5Multimedia.so.5.5           libcrypt-0.9.33.2.so
libQt5Multimedia.so.5.5.0         libcrypt.so.0
libQt5MultimediaWidgets.la        libdl-0.9.33.2.so
libQt5MultimediaWidgets.prl       libdl.so.0
libQt5MultimediaWidgets.so        libgcc_s.so
libQt5MultimediaWidgets.so.5      libgcc_s.so.1
libQt5MultimediaWidgets.so.5.5    libgm.so
libQt5MultimediaWidgets.so.5.5.0  libiberty.a
libQt5Network.la                  libm-0.9.33.2.so
libQt5Network.prl                 libm.so.0
libQt5Network.so                  libmudflap.a
libQt5Network.so.5                libmudflap.la
libQt5Network.so.5.5              libmudflap.so
libQt5Network.so.5.5.0            libmudflap.so.0
libQt5Nfc.la                      libmudflap.so.0.0.0
libQt5Nfc.prl                     libmudflapth.a
libQt5Nfc.so                      libmudflapth.la
libQt5Nfc.so.5                    libmudflapth.so
libQt5Nfc.so.5.5                  libmudflapth.so.0
libQt5Nfc.so.5.5.0                libmudflapth.so.0.0.0
libQt5PlatformSupport.a           libnsl-0.9.33.2.so
libQt5PlatformSupport.la          libnsl.so.0
libQt5PlatformSupport.prl         libpthread-0.9.33.2.so
libQt5Positioning.la              libpthread.so.0
libQt5Positioning.prl             libqlinuxfb.so
libQt5Positioning.so              libresolv-0.9.33.2.so
libQt5Positioning.so.5            libresolv.so.0
libQt5Positioning.so.5.5          librt-0.9.33.2.so
libQt5Positioning.so.5.5.0        librt.so.0
libQt5PrintSupport.la             libstdc++.a
libQt5PrintSupport.prl            libstdc++.la
libQt5PrintSupport.so             libstdc++.so
libQt5PrintSupport.so.5           libstdc++.so.6
libQt5PrintSupport.so.5.5         libstdc++.so.6.0.11
libQt5PrintSupport.so.5.5.0       libsupc++.a
libQt5Qml.la                      libsupc++.la
libQt5Qml.prl                     libuClibc-0.9.33.2.so
libQt5Qml.so                      libutil-0.9.33.2.so
libQt5Qml.so.5                    libutil.so.0
libQt5Qml.so.5.5                  modules
libQt5Qml.so.5.5.0                pkgconfig
[root@GM]# cd ..
[root@GM]# pwd
/mnt/nfs
[root@GM]# ./Test0323 
./Test0323: can't load library 'libstdc++.so.6'
[root@GM]# 
[root@GM]# 
[root@GM]# 
[root@GM]# LS
/bin/sh: LS: not found
[root@GM]# ls
00_2014-11-14    etc              lib              squashfs_init
Test0323         fb_st7789v.ko    libORG           sys
bin              fbtft_device.ko  mnt              tftfb0test
boot.sh          gm               proc             tmp
dev              init             sbin             usr
dsw              lcd_test         share            var
[root@GM]# 
[root@GM]# 
[root@GM]# 
[root@GM]# ls
00_2014-11-14    etc              lib              squashfs_init
Test0323         fb_st7789v.ko    libORG           sys
bin              fbtft_device.ko  mnt              tftfb0test
boot.sh          gm               proc             tmp
dev              init             sbin             usr
dsw              lcd_test         share            var
[root@GM]# pwd
/mnt/nfs
[root@GM]# cd usr/local/Qt-5.5.0-arm/
[root@GM]# ls
bin       doc       examples  include   lib       mkspecs   plugins   qml
[root@GM]# cd examples/
[root@GM]# ls
README        examples.pro  qpa           svg           xml
corelib       gui           qtconcurrent  touch         xmlpatterns
dbus          network       sql           widgets
[root@GM]# cd gui/
[root@GM]# ls
analogclock   gui.pro       rasterwindow
[root@GM]# cd analogclock/
[root@GM]# ls
analogclock      analogclock.pro  main.cpp
[root@GM]# ./analogclock
./analogclock: can't load library 'libQt5Gui.so.5'
[root@GM]# export
export HOME='/'
export LD_LIBRARY_PATH='usr/local/Qt-5.5.0-arm/lib:'
export OLDPWD='/mnt/nfs/usr/local/Qt-5.5.0-arm/examples/gui'
export PATH='usr/local/Qt-5.5.0-arm/bin:/usr/bin:/usr/sbin:/bin:/sbin:/gm/bin:/gm/tools'
export PWD='/mnt/nfs/usr/local/Qt-5.5.0-arm/examples/gui/analogclock'
export QTDIR='usr/local/Qt-5.5.0-arm'
export QT_QPA_FONTDIR='fonts'
export QT_QPA_PLATFORM='linuxfb:fb=/dev/fb0:size=320x240:tty=/dev/ttyS0'
export QT_QPA_PLATFORM_PLUGIN_PATH='usr/local/Qt-5.5.0-arm/plugins/'
export SHELL='/bin/sh'
export TERM='vt102'
export USER='root'
export gmmem='90M'
[root@GM]# pwd
/mnt/nfs/usr/local/Qt-5.5.0-arm/examples/gui/analogclock
[root@GM]# ls
analogclock      analogclock.pro  main.cpp
[root@GM]# cd ../..
[root@GM]# ls
README        examples.pro  qpa           svg           xml
corelib       gui           qtconcurrent  touch         xmlpatterns
dbus          network       sql           widgets
[root@GM]# cd ..
[root@GM]# ls
bin       doc       examples  include   lib       mkspecs   plugins   qml
[root@GM]# cd ..
[root@GM]# cd ..
[root@GM]# ls
bin    local  sbin
[root@GM]# cd ..
[root@GM]# ls
00_2014-11-14    etc              lib              squashfs_init
Test0323         fb_st7789v.ko    libORG           sys
bin              fbtft_device.ko  mnt              tftfb0test
boot.sh          gm               proc             tmp
dev              init             sbin             usr
dsw              lcd_test         share            var
[root@GM]# pwd
/mnt/nfs
[root@GM]# cd ..
[root@GM]# ls
mtd  nfs
[root@GM]# cd mtd
[root@GM]# ls
app_boot.sh                 vg_boot_dbg.sh
app_boot_dbg.sh             workparam_ipcam.xml
appinfo.xml                 workparam_ipcam.xml.bak
cntwifi.sh                  workparam_ipcam.xml.ok
cntwifi_dbg.sh              workparam_ipcam.xml.ok2016
gmlib.cfg                   workparam_ipcam.xml.yf
ipcam_ax.properties         workparam_ipcam.xml_test
isp328_ov9715.cfg           wpa_supplicant.conf
isp328_sc1045.cfg           wpa_supplicant.conf_ph
nfs.sh                      wpa_supplicant.conf_sz
vg_boot.sh_exe              wpa_supplicant_empty.conf
[root@GM]# pwd
/mnt/mtd
[root@GM]# cd ..
[root@GM]# cd nfs
[root@GM]# ls
00_2014-11-14    etc              lib              squashfs_init
Test0323         fb_st7789v.ko    libORG           sys
bin              fbtft_device.ko  mnt              tftfb0test
boot.sh          gm               proc             tmp
dev              init             sbin             usr
dsw              lcd_test         share            var
[root@GM]# cd lib
[root@GM]# ls
LCD_st7789v                       libQt5QmlDevTools.a
Test0323                          libQt5QmlDevTools.la
cmake                             libQt5QmlDevTools.prl
fonts                             libQt5Sensors.la
ld-uClibc-0.9.33.2.so             libQt5Sensors.prl
ld-uClibc.so.0                    libQt5Sensors.so
libQt53DCore.la                   libQt5Sensors.so.5
libQt53DCore.prl                  libQt5Sensors.so.5.5
libQt53DCore.so                   libQt5Sensors.so.5.5.0
libQt53DCore.so.5                 libQt5Sql.la
libQt53DCore.so.5.5               libQt5Sql.prl
libQt53DCore.so.5.5.0             libQt5Sql.so
libQt5Bluetooth.la                libQt5Sql.so.5
libQt5Bluetooth.prl               libQt5Sql.so.5.5
libQt5Bluetooth.so                libQt5Sql.so.5.5.0
libQt5Bluetooth.so.5              libQt5Svg.la
libQt5Bluetooth.so.5.5            libQt5Svg.prl
libQt5Bluetooth.so.5.5.0          libQt5Svg.so
libQt5Bootstrap.a                 libQt5Svg.so.5
libQt5Bootstrap.la                libQt5Svg.so.5.5
libQt5Bootstrap.prl               libQt5Svg.so.5.5.0
libQt5CLucene.la                  libQt5Test.la
libQt5CLucene.prl                 libQt5Test.prl
libQt5CLucene.so                  libQt5Test.so
libQt5CLucene.so.5                libQt5Test.so.5
libQt5CLucene.so.5.5              libQt5Test.so.5.5
libQt5CLucene.so.5.5.0            libQt5Test.so.5.5.0
libQt5Concurrent.la               libQt5UiTools.a
libQt5Concurrent.prl              libQt5UiTools.la
libQt5Concurrent.so               libQt5UiTools.prl
libQt5Concurrent.so.5             libQt5WebChannel.la
libQt5Concurrent.so.5.5           libQt5WebChannel.prl
libQt5Concurrent.so.5.5.0         libQt5WebChannel.so
libQt5Core.la                     libQt5WebChannel.so.5
libQt5Core.prl                    libQt5WebChannel.so.5.5
libQt5Core.so                     libQt5WebChannel.so.5.5.0
libQt5Core.so.5                   libQt5WebSockets.la
libQt5Core.so.5.5                 libQt5WebSockets.prl
libQt5Core.so.5.5.0               libQt5WebSockets.so
libQt5DBus.la                     libQt5WebSockets.so.5
libQt5DBus.prl                    libQt5WebSockets.so.5.5
libQt5DBus.so                     libQt5WebSockets.so.5.5.0
libQt5DBus.so.5                   libQt5Widgets.la
libQt5DBus.so.5.5                 libQt5Widgets.prl
libQt5DBus.so.5.5.0               libQt5Widgets.so
libQt5Gui.la                      libQt5Widgets.so.5
libQt5Gui.prl                     libQt5Widgets.so.5.5
libQt5Gui.so                      libQt5Widgets.so.5.5.0
libQt5Gui.so.5                    libQt5Xml.la
libQt5Gui.so.5.5                  libQt5Xml.prl
libQt5Gui.so.5.5.0                libQt5Xml.so
libQt5Help.la                     libQt5Xml.so.5
libQt5Help.prl                    libQt5Xml.so.5.5
libQt5Help.so                     libQt5Xml.so.5.5.0
libQt5Help.so.5                   libQt5XmlPatterns.la
libQt5Help.so.5.5                 libQt5XmlPatterns.prl
libQt5Help.so.5.5.0               libQt5XmlPatterns.so
libQt5Multimedia.la               libQt5XmlPatterns.so.5
libQt5Multimedia.prl              libQt5XmlPatterns.so.5.5
libQt5Multimedia.so               libQt5XmlPatterns.so.5.5.0
libQt5Multimedia.so.5             libc.so.0
libQt5Multimedia.so.5.5           libcrypt-0.9.33.2.so
libQt5Multimedia.so.5.5.0         libcrypt.so.0
libQt5MultimediaWidgets.la        libdl-0.9.33.2.so
libQt5MultimediaWidgets.prl       libdl.so.0
libQt5MultimediaWidgets.so        libgcc_s.so
libQt5MultimediaWidgets.so.5      libgcc_s.so.1
libQt5MultimediaWidgets.so.5.5    libgm.so
libQt5MultimediaWidgets.so.5.5.0  libiberty.a
libQt5Network.la                  libm-0.9.33.2.so
libQt5Network.prl                 libm.so.0
libQt5Network.so                  libmudflap.a
libQt5Network.so.5                libmudflap.la
libQt5Network.so.5.5              libmudflap.so
libQt5Network.so.5.5.0            libmudflap.so.0
libQt5Nfc.la                      libmudflap.so.0.0.0
libQt5Nfc.prl                     libmudflapth.a
libQt5Nfc.so                      libmudflapth.la
libQt5Nfc.so.5                    libmudflapth.so
libQt5Nfc.so.5.5                  libmudflapth.so.0
libQt5Nfc.so.5.5.0                libmudflapth.so.0.0.0
libQt5PlatformSupport.a           libnsl-0.9.33.2.so
libQt5PlatformSupport.la          libnsl.so.0
libQt5PlatformSupport.prl         libpthread-0.9.33.2.so
libQt5Positioning.la              libpthread.so.0
libQt5Positioning.prl             libqlinuxfb.so
libQt5Positioning.so              libresolv-0.9.33.2.so
libQt5Positioning.so.5            libresolv.so.0
libQt5Positioning.so.5.5          librt-0.9.33.2.so
libQt5Positioning.so.5.5.0        librt.so.0
libQt5PrintSupport.la             libstdc++.a
libQt5PrintSupport.prl            libstdc++.la
libQt5PrintSupport.so             libstdc++.so
libQt5PrintSupport.so.5           libstdc++.so.6
libQt5PrintSupport.so.5.5         libstdc++.so.6.0.11
libQt5PrintSupport.so.5.5.0       libsupc++.a
libQt5Qml.la                      libsupc++.la
libQt5Qml.prl                     libuClibc-0.9.33.2.so
libQt5Qml.so                      libutil-0.9.33.2.so
libQt5Qml.so.5                    libutil.so.0
libQt5Qml.so.5.5                  modules
libQt5Qml.so.5.5.0                pkgconfig
[root@GM]# cd ..
[root@GM]# ls
00_2014-11-14    etc              lib              squashfs_init
Test0323         fb_st7789v.ko    libORG           sys
bin              fbtft_device.ko  mnt              tftfb0test
boot.sh          gm               proc             tmp
dev              init             sbin             usr
dsw              lcd_test         share            var
[root@GM]# ls
00_2014-11-14    etc              lib              squashfs_init
Test0323         fb_st7789v.ko    libORG           sys
bin              fbtft_device.ko  mnt              tftfb0test
boot.sh          gm               proc             tmp
dev              init             sbin             usr
dsw              lcd_test         share            var
[root@GM]# pwd
/mnt/nfs
[root@GM]# ./Test0323 
./Test0323: can't load library 'libstdc++.so.6'
[root@GM]# cd lib
[root@GM]# ./Test0323 
ssssssssssssss-->
ssssssssssssss-->

^C[root@GM]# 
[root@GM]# 
[root@GM]# pwd
/mnt/nfs/lib
[root@GM]# cd ..
[root@GM]# ls
00_2014-11-14    etc              lib              squashfs_init
Test0323         fb_st7789v.ko    libORG           sys
bin              fbtft_device.ko  mnt              tftfb0test
boot.sh          gm               proc             tmp
dev              init             sbin             usr
dsw              lcd_test         share            var
[root@GM]# ./Test0323 
./Test0323: can't load library 'libstdc++.so.6'
[root@GM]# EXPORT
/bin/sh: EXPORT: not found
[root@GM]# export
export HOME='/'
export LD_LIBRARY_PATH='usr/local/Qt-5.5.0-arm/lib:'
export OLDPWD='/mnt/nfs/lib'
export PATH='usr/local/Qt-5.5.0-arm/bin:/usr/bin:/usr/sbin:/bin:/sbin:/gm/bin:/gm/tools'
export PWD='/mnt/nfs'
export QTDIR='usr/local/Qt-5.5.0-arm'
export QT_QPA_FONTDIR='fonts'
export QT_QPA_PLATFORM='linuxfb:fb=/dev/fb0:size=320x240:tty=/dev/ttyS0'
export QT_QPA_PLATFORM_PLUGIN_PATH='usr/local/Qt-5.5.0-arm/plugins/'
export SHELL='/bin/sh'
export TERM='vt102'
export USER='root'
export gmmem='90M'
[root@GM]# exit


BusyBox v1.19.4 (2013-09-04 16:29:58 CST) built-in shell (ash)
Enter 'help' for a list of built-in commands.

/ # ls
00_2014-11-14    fb_st7789v.ko    linuxrc          sys
bin              fbtft_device.ko  mnt              tftfb0test
boot.sh          gm               proc             tmp
dev              init             sbin             usr
dsw              lcd_test         share            var
etc              lib              squashfs_init
/ # cd /mnt/nfs
/mnt/nfs # ls
00_2014-11-14    etc              lib              squashfs_init
Test0323         fb_st7789v.ko    libORG           sys
bin              fbtft_device.ko  mnt              tftfb0test
boot.sh          gm               proc             tmp
dev              init             sbin             usr
dsw              lcd_test         share            var
/mnt/nfs # pwd
/mnt/nfs
/mnt/nfs # su
su: can't chdir to home directory '/root'


BusyBox v1.19.4 (2013-09-04 16:29:58 CST) built-in shell (ash)
Enter 'help' for a list of built-in commands.

/ # root
sh: root: not found
/ # ls
00_2014-11-14    fb_st7789v.ko    linuxrc          sys
bin              fbtft_device.ko  mnt              tftfb0test
boot.sh          gm               proc             tmp
dev              init             sbin             usr
dsw              lcd_test         share            var
etc              lib              squashfs_init
/ # cd /mnt/nfs
/mnt/nfs # ls
00_2014-11-14    etc              lib              squashfs_init
Test0323         fb_st7789v.ko    libORG           sys
bin              fbtft_device.ko  mnt              tftfb0test
boot.sh          gm               proc             tmp
dev              init             sbin             usr
dsw              lcd_test         share            var
/mnt/nfs # source etc/profile
[root@GM]# export
export HOME='/root'
export LD_LIBRARY_PATH='/usr/local/Qt-5.5.0-arm/lib:'
export OLDPWD='/'
export PATH='/usr/local/Qt-5.5.0-arm/bin:/usr/bin:/usr/sbin:/bin:/sbin:/gm/bin:/gm/tools'
export PWD='/mnt/nfs'
export QTDIR='/usr/local/Qt-5.5.0-arm'
export QT_QPA_FONTDIR='/usr/local/Qt-5.5.0-arm/lib/fonts'
export QT_QPA_PLATFORM='linuxfb:fb=/dev/fb0:size=320x240:tty=/dev/ttyS0'
export QT_QPA_PLATFORM_PLUGIN_PATH='/usr/local/Qt-5.5.0-arm/plugins/'
export SHELL='/bin/sh'
export TERM='vt102'
export USER='root'
export gmmem='90M'
[root@GM]# ls
00_2014-11-14    etc              lib              squashfs_init
Test0323         fb_st7789v.ko    libORG           sys
bin              fbtft_device.ko  mnt              tftfb0test
boot.sh          gm               proc             tmp
dev              init             sbin             usr
dsw              lcd_test         share            var
[root@GM]# ./Test0323 
./Test0323: can't load library 'libQt5Widgets.so.5'
[root@GM]# exit
/mnt/nfs # 
/mnt/nfs # 
/mnt/nfs # export
export HOME='/'
export OLDPWD='/'
export PATH='/sbin:/usr/sbin:/bin:/usr/bin:/gm/tools:/gm/bin'
export PWD='/mnt/nfs'
export SHELL='/bin/sh'
export TERM='vt102'
export USER='root'
export gmmem='90M'
/mnt/nfs # source etc/profile
[root@GM]# export
export HOME='/'
export LD_LIBRARY_PATH='/usr/local/Qt-5.5.0-arm/lib'
export OLDPWD='/'
export PATH='/usr/local/Qt-5.5.0-arm/bin:/usr/bin:/usr/sbin:/bin:/sbin:/gm/bin:/gm/tools'
export PWD='/mnt/nfs'
export QTDIR='/usr/local/Qt-5.5.0-arm'
export QT_QPA_FONTDIR='/usr/local/Qt-5.5.0-arm/lib/fonts'
export QT_QPA_PLATFORM='linuxfb:fb=/dev/fb0:size=320x240:tty=/dev/ttyS0'
export QT_QPA_PLATFORM_PLUGIN_PATH='/usr/local/Qt-5.5.0-arm/plugins/'
export SHELL='/bin/sh'
export TERM='vt102'
export USER='root'
export gmmem='90M'
[root@GM]# ls
00_2014-11-14    etc              lib              squashfs_init
Test0323         fb_st7789v.ko    libORG           sys
bin              fbtft_device.ko  mnt              tftfb0test
boot.sh          gm               proc             tmp
dev              init             sbin             usr
dsw              lcd_test         share            var
[root@GM]# ./Test0323 
./Test0323: can't load library 'libQt5Widgets.so.5'
[root@GM]# cd lib
[root@GM]# ./Test0323 
./Test0323: can't load library 'libQt5Widgets.so.5'
[root@GM]# ./LCD_st7789v 
./LCD_st7789v: can't load library 'libQt5Widgets.so.5'
